TN:
SF:src\App.vue
FN:20,(anonymous_0)
FN:32,startPresenceTracking
FN:36,(anonymous_2)
FN:41,(anonymous_3)
FN:50,(anonymous_4)
FN:58,stopPresenceTracking
FN:66,setupTransactionCallbacks
FN:76,startTransactionTracking
FN:96,stopTransactionTracking
FN:104,(anonymous_9)
FN:104,(anonymous_10)
FN:129,(anonymous_11)
FN:140,(anonymous_12)
FNF:13
FNH:0
FNDA:0,(anonymous_0)
FNDA:0,startPresenceTracking
FNDA:0,(anonymous_2)
FNDA:0,(anonymous_3)
FNDA:0,(anonymous_4)
FNDA:0,stopPresenceTracking
FNDA:0,setupTransactionCallbacks
FNDA:0,startTransactionTracking
FNDA:0,stopTransactionTracking
FNDA:0,(anonymous_9)
FNDA:0,(anonymous_10)
FNDA:0,(anonymous_11)
FNDA:0,(anonymous_12)
DA:12,0
DA:13,0
DA:14,0
DA:15,0
DA:16,0
DA:17,0
DA:20,0
DA:21,0
DA:30,0
DA:33,0
DA:35,0
DA:36,0
DA:37,0
DA:38,0
DA:41,0
DA:43,0
DA:44,0
DA:50,0
DA:51,0
DA:52,0
DA:53,0
DA:59,0
DA:60,0
DA:61,0
DA:62,0
DA:67,0
DA:77,0
DA:79,0
DA:80,0
DA:81,0
DA:84,0
DA:86,0
DA:87,0
DA:88,0
DA:89,0
DA:90,0
DA:92,0
DA:97,0
DA:98,0
DA:99,0
DA:100,0
DA:104,0
DA:105,0
DA:106,0
DA:108,0
DA:109,0
DA:110,0
DA:111,0
DA:114,0
DA:115,0
DA:116,0
DA:129,0
DA:130,0
DA:133,0
DA:134,0
DA:135,0
DA:136,0
DA:140,0
DA:141,0
DA:142,0
DA:143,0
DA:148,0
DA:150,0
LF:63
LH:0
BRDA:33,0,0,0
BRDA:33,0,1,0
BRDA:43,1,0,0
BRDA:43,1,1,0
BRDA:52,2,0,0
BRDA:52,2,1,0
BRDA:59,3,0,0
BRDA:59,3,1,0
BRDA:77,4,0,0
BRDA:77,4,1,0
BRDA:79,5,0,0
BRDA:79,5,1,0
BRDA:79,6,0,0
BRDA:79,6,1,0
BRDA:106,7,0,0
BRDA:106,7,1,0
BRDA:133,8,0,0
BRDA:133,8,1,0
BRF:18
BRH:0
end_of_record
TN:
SF:src\api\badgesAPI.js
FN:8,getUserBadgesWithProgress
FN:25,manuallyCheckBadges
FN:43,dailySignIn
FNF:3
FNH:0
FNDA:0,getUserBadgesWithProgress
FNDA:0,manuallyCheckBadges
FNDA:0,dailySignIn
DA:9,0
DA:13,0
DA:14,0
DA:15,0
DA:18,0
DA:26,0
DA:27,0
DA:29,0
DA:31,0
DA:32,0
DA:33,0
DA:36,0
DA:44,0
DA:45,0
DA:47,0
DA:49,0
DA:50,0
DA:51,0
DA:54,0
LF:19
LH:0
BRDA:8,0,0,0
BRDA:13,1,0,0
BRDA:13,1,1,0
BRDA:27,2,0,0
BRDA:27,2,1,0
BRDA:31,3,0,0
BRDA:31,3,1,0
BRDA:45,4,0,0
BRDA:45,4,1,0
BRDA:49,5,0,0
BRDA:49,5,1,0
BRF:11
BRH:0
end_of_record
TN:
SF:src\api\conversation.js
FN:25,createOrGetConversation
FN:58,sendMessage
FN:100,getConversations
FN:141,getMessages
FN:163,markAsRead
FN:194,getConversationItems
FN:213,archiveConversation
FN:242,subscribeToMessages
FN:255,(anonymous_8)
FN:262,(anonymous_9)
FN:292,subscribeToMessageUpdates
FN:309,(anonymous_11)
FN:318,(anonymous_12)
FN:347,subscribeToAllMessages
FN:359,(anonymous_14)
FN:366,(anonymous_15)
FN:389,getTotalUnreadCount
FN:391,(anonymous_17)
FN:403,deleteMessage
FN:421,restoreMessage
FN:447,subscribeToUserPresence
FN:452,(anonymous_21)
FN:457,(anonymous_22)
FN:459,(anonymous_23)
FN:461,(anonymous_24)
FN:472,createConversationTypingChannel
FNF:26
FNH:0
FNDA:0,createOrGetConversation
FNDA:0,sendMessage
FNDA:0,getConversations
FNDA:0,getMessages
FNDA:0,markAsRead
FNDA:0,getConversationItems
FNDA:0,archiveConversation
FNDA:0,subscribeToMessages
FNDA:0,(anonymous_8)
FNDA:0,(anonymous_9)
FNDA:0,subscribeToMessageUpdates
FNDA:0,(anonymous_11)
FNDA:0,(anonymous_12)
FNDA:0,subscribeToAllMessages
FNDA:0,(anonymous_14)
FNDA:0,(anonymous_15)
FNDA:0,getTotalUnreadCount
FNDA:0,(anonymous_17)
FNDA:0,deleteMessage
FNDA:0,restoreMessage
FNDA:0,subscribeToUserPresence
FNDA:0,(anonymous_21)
FNDA:0,(anonymous_22)
FNDA:0,(anonymous_23)
FNDA:0,(anonymous_24)
FNDA:0,createConversationTypingChannel
DA:29,0
DA:34,0
DA:35,0
DA:64,0
DA:71,0
DA:72,0
DA:105,0
DA:111,0
DA:112,0
DA:142,0
DA:149,0
DA:150,0
DA:164,0
DA:169,0
DA:170,0
DA:195,0
DA:199,0
DA:200,0
DA:214,0
DA:219,0
DA:220,0
DA:243,0
DA:245,0
DA:247,0
DA:256,0
DA:257,0
DA:262,0
DA:263,0
DA:264,0
DA:265,0
DA:266,0
DA:267,0
DA:268,0
DA:269,0
DA:270,0
DA:274,0
DA:293,0
DA:295,0
DA:302,0
DA:310,0
DA:311,0
DA:312,0
DA:313,0
DA:318,0
DA:319,0
DA:320,0
DA:321,0
DA:322,0
DA:323,0
DA:324,0
DA:325,0
DA:326,0
DA:330,0
DA:348,0
DA:350,0
DA:352,0
DA:360,0
DA:361,0
DA:366,0
DA:367,0
DA:368,0
DA:369,0
DA:370,0
DA:371,0
DA:372,0
DA:373,0
DA:374,0
DA:378,0
DA:390,0
DA:391,0
DA:404,0
DA:408,0
DA:409,0
DA:422,0
DA:426,0
DA:427,0
DA:448,0
DA:450,0
DA:452,0
DA:453,0
DA:454,0
DA:457,0
DA:459,0
DA:461,0
DA:463,0
DA:473,0
DA:475,0
DA:477,0
LF:88
LH:0
BRDA:27,0,0,0
BRDA:34,1,0,0
BRDA:34,1,1,0
BRDA:61,2,0,0
BRDA:62,3,0,0
BRDA:71,4,0,0
BRDA:71,4,1,0
BRDA:101,5,0,0
BRDA:102,6,0,0
BRDA:103,7,0,0
BRDA:111,8,0,0
BRDA:111,8,1,0
BRDA:141,9,0,0
BRDA:141,10,0,0
BRDA:149,11,0,0
BRDA:149,11,1,0
BRDA:163,12,0,0
BRDA:169,13,0,0
BRDA:169,13,1,0
BRDA:199,14,0,0
BRDA:199,14,1,0
BRDA:213,15,0,0
BRDA:219,16,0,0
BRDA:219,16,1,0
BRDA:242,17,0,0
BRDA:263,18,0,0
BRDA:263,18,1,0
BRDA:265,19,0,0
BRDA:265,19,1,0
BRDA:267,20,0,0
BRDA:267,20,1,0
BRDA:269,21,0,0
BRDA:269,21,1,0
BRDA:292,22,0,0
BRDA:319,23,0,0
BRDA:319,23,1,0
BRDA:321,24,0,0
BRDA:321,24,1,0
BRDA:323,25,0,0
BRDA:323,25,1,0
BRDA:325,26,0,0
BRDA:325,26,1,0
BRDA:347,27,0,0
BRDA:367,28,0,0
BRDA:367,28,1,0
BRDA:369,29,0,0
BRDA:369,29,1,0
BRDA:371,30,0,0
BRDA:371,30,1,0
BRDA:373,31,0,0
BRDA:373,31,1,0
BRDA:408,32,0,0
BRDA:408,32,1,0
BRDA:426,33,0,0
BRDA:426,33,1,0
BRDA:475,34,0,0
BRDA:475,34,1,0
BRF:57
BRH:0
end_of_record
TN:
SF:src\api\create_myItemAPI.js
FN:29,createItem
FN:68,createItemWithImages
FNF:2
FNH:2
FNDA:13,createItem
FNDA:3,createItemWithImages
DA:31,13
DA:46,13
DA:48,13
DA:49,3
DA:55,3
DA:58,9
DA:69,3
DA:71,3
DA:72,3
DA:73,1
DA:77,2
DA:81,2
DA:82,2
DA:83,2
DA:87,2
DA:92,1
DA:94,2
DA:95,2
LF:18
LH:18
BRDA:38,0,0,3
BRDA:38,0,1,10
BRDA:48,1,0,3
BRDA:48,1,1,10
BRDA:68,2,0,3
BRDA:68,3,0,3
BRDA:72,4,0,1
BRDA:72,4,1,2
BRDA:82,5,0,2
BRDA:82,5,1,0
BRDA:82,6,0,2
BRDA:82,6,1,2
BRF:12
BRH:11
end_of_record
TN:
SF:src\api\create_review.js
FN:49,createReview
FN:104,canCreateReview
FNF:2
FNH:2
FNDA:8,createReview
FNDA:4,canCreateReview
DA:51,8
DA:52,1
DA:55,7
DA:56,1
DA:60,6
DA:61,2
DA:65,4
DA:72,8
DA:75,4
DA:76,1
DA:77,1
DA:81,3
DA:82,0
DA:85,3
DA:105,4
DA:107,4
DA:109,3
DA:110,1
DA:117,2
DA:123,2
DA:124,1
DA:131,1
DA:132,0
DA:139,1
DA:140,4
DA:141,0
DA:148,1
DA:155,1
DA:156,0
DA:157,0
DA:163,1
DA:164,0
DA:171,1
DA:177,1
DA:178,1
LF:35
LH:29
BRDA:51,0,0,1
BRDA:51,0,1,7
BRDA:55,1,0,1
BRDA:55,1,1,6
BRDA:55,2,0,7
BRDA:55,2,1,7
BRDA:60,3,0,2
BRDA:60,3,1,4
BRDA:60,4,0,6
BRDA:60,4,1,5
BRDA:68,5,0,4
BRDA:68,5,1,2
BRDA:75,6,0,1
BRDA:75,6,1,3
BRDA:81,7,0,0
BRDA:81,7,1,3
BRDA:81,8,0,3
BRDA:81,8,1,3
BRDA:109,9,0,1
BRDA:109,9,1,2
BRDA:123,10,0,1
BRDA:123,10,1,1
BRDA:123,11,0,2
BRDA:123,11,1,1
BRDA:131,12,0,0
BRDA:131,12,1,1
BRDA:139,13,0,1
BRDA:139,13,1,0
BRDA:140,14,0,0
BRDA:140,14,1,4
BRDA:155,15,0,0
BRDA:155,15,1,1
BRDA:163,16,0,0
BRDA:163,16,1,1
BRF:34
BRH:28
end_of_record
TN:
SF:src\api\favorite.js
FN:17,getMyFavoriteItems
FN:52,addFavoriteItem
FN:83,removeFavoriteItem
FNF:3
FNH:0
FNDA:0,getMyFavoriteItems
FNDA:0,addFavoriteItem
FNDA:0,removeFavoriteItem
DA:19,0
DA:20,0
DA:21,0
DA:22,0
DA:26,0
DA:34,0
DA:37,0
DA:38,0
DA:39,0
DA:43,0
DA:54,0
DA:55,0
DA:56,0
DA:60,0
DA:65,0
DA:68,0
DA:70,0
DA:71,0
DA:75,0
DA:85,0
DA:86,0
DA:87,0
DA:89,0
DA:93,0
DA:102,0
DA:103,0
DA:104,0
DA:108,0
DA:109,0
LF:29
LH:0
BRDA:17,0,0,0
BRDA:20,1,0,0
BRDA:20,1,1,0
BRDA:20,2,0,0
BRDA:20,2,1,0
BRDA:27,3,0,0
BRDA:27,3,1,0
BRDA:28,4,0,0
BRDA:28,4,1,0
BRDA:29,5,0,0
BRDA:29,5,1,0
BRDA:30,6,0,0
BRDA:30,6,1,0
BRDA:37,7,0,0
BRDA:37,7,1,0
BRDA:55,8,0,0
BRDA:55,8,1,0
BRDA:55,9,0,0
BRDA:55,9,1,0
BRDA:68,10,0,0
BRDA:68,10,1,0
BRDA:86,11,0,0
BRDA:86,11,1,0
BRDA:86,12,0,0
BRDA:86,12,1,0
BRDA:102,13,0,0
BRDA:102,13,1,0
BRF:27
BRH:0
end_of_record
TN:
SF:src\api\followAPI.js
FN:17,getMyFollowers
FN:62,getMyFollowing
FN:99,followUser
FN:124,unfollowUser
FN:159,checkIsFollowing
FN:193,getPublicFollowers
FN:219,(anonymous_6)
FN:233,(anonymous_7)
FN:236,(anonymous_8)
FN:256,getPublicFollowing
FN:282,(anonymous_10)
FN:296,(anonymous_11)
FN:299,(anonymous_12)
FNF:13
FNH:0
FNDA:0,getMyFollowers
FNDA:0,getMyFollowing
FNDA:0,followUser
FNDA:0,unfollowUser
FNDA:0,checkIsFollowing
FNDA:0,getPublicFollowers
FNDA:0,(anonymous_6)
FNDA:0,(anonymous_7)
FNDA:0,(anonymous_8)
FNDA:0,getPublicFollowing
FNDA:0,(anonymous_10)
FNDA:0,(anonymous_11)
FNDA:0,(anonymous_12)
DA:26,0
DA:29,0
DA:37,0
DA:40,0
DA:43,0
DA:44,0
DA:45,0
DA:49,0
DA:70,0
DA:73,0
DA:82,0
DA:85,0
DA:86,0
DA:87,0
DA:91,0
DA:101,0
DA:106,0
DA:109,0
DA:111,0
DA:112,0
DA:116,0
DA:126,0
DA:127,0
DA:128,0
DA:130,0
DA:134,0
DA:144,0
DA:145,0
DA:146,0
DA:150,0
DA:151,0
DA:160,0
DA:161,0
DA:162,0
DA:164,0
DA:173,0
DA:174,0
DA:175,0
DA:178,0
DA:180,0
DA:181,0
DA:197,0
DA:199,0
DA:202,0
DA:209,0
DA:210,0
DA:211,0
DA:214,0
DA:215,0
DA:219,0
DA:222,0
DA:227,0
DA:228,0
DA:229,0
DA:233,0
DA:236,0
DA:237,0
DA:238,0
DA:260,0
DA:262,0
DA:265,0
DA:272,0
DA:273,0
DA:274,0
DA:277,0
DA:278,0
DA:282,0
DA:285,0
DA:290,0
DA:291,0
DA:292,0
DA:296,0
DA:299,0
DA:300,0
DA:301,0
LF:75
LH:0
BRDA:17,0,0,0
BRDA:20,1,0,0
BRDA:21,2,0,0
BRDA:22,3,0,0
BRDA:23,4,0,0
BRDA:24,5,0,0
BRDA:43,6,0,0
BRDA:43,6,1,0
BRDA:49,7,0,0
BRDA:49,7,1,0
BRDA:62,8,0,0
BRDA:65,9,0,0
BRDA:66,10,0,0
BRDA:67,11,0,0
BRDA:68,12,0,0
BRDA:69,13,0,0
BRDA:85,14,0,0
BRDA:85,14,1,0
BRDA:91,15,0,0
BRDA:91,15,1,0
BRDA:109,16,0,0
BRDA:109,16,1,0
BRDA:127,17,0,0
BRDA:127,17,1,0
BRDA:127,18,0,0
BRDA:127,18,1,0
BRDA:144,19,0,0
BRDA:144,19,1,0
BRDA:162,20,0,0
BRDA:162,20,1,0
BRDA:173,21,0,0
BRDA:173,21,1,0
BRDA:193,22,0,0
BRDA:195,23,0,0
BRDA:196,24,0,0
BRDA:209,25,0,0
BRDA:209,25,1,0
BRDA:214,26,0,0
BRDA:214,26,1,0
BRDA:214,27,0,0
BRDA:214,27,1,0
BRDA:227,28,0,0
BRDA:227,28,1,0
BRDA:233,29,0,0
BRDA:233,29,1,0
BRDA:240,30,0,0
BRDA:240,30,1,0
BRDA:241,31,0,0
BRDA:241,31,1,0
BRDA:256,32,0,0
BRDA:258,33,0,0
BRDA:259,34,0,0
BRDA:272,35,0,0
BRDA:272,35,1,0
BRDA:277,36,0,0
BRDA:277,36,1,0
BRDA:277,37,0,0
BRDA:277,37,1,0
BRDA:290,38,0,0
BRDA:290,38,1,0
BRDA:296,39,0,0
BRDA:296,39,1,0
BRDA:303,40,0,0
BRDA:303,40,1,0
BRDA:304,41,0,0
BRDA:304,41,1,0
BRF:66
BRH:0
end_of_record
TN:
SF:src\api\get_ItemDetailAPI.js
FN:43,getItemDetails
FN:202,checkUserAuthentication
FNF:2
FNH:0
FNDA:0,getItemDetails
FNDA:0,checkUserAuthentication
DA:44,0
DA:46,0
DA:47,0
DA:50,0
DA:51,0
DA:59,0
DA:62,0
DA:66,0
DA:69,0
DA:70,0
DA:71,0
DA:73,0
DA:74,0
DA:78,0
DA:79,0
DA:80,0
DA:81,0
DA:82,0
DA:86,0
DA:88,0
DA:89,0
DA:93,0
DA:103,0
DA:104,0
DA:105,0
DA:109,0
DA:110,0
DA:111,0
DA:122,0
DA:124,0
DA:125,0
DA:128,0
DA:129,0
DA:130,0
DA:131,0
DA:134,0
DA:135,0
DA:140,0
DA:141,0
DA:142,0
DA:143,0
DA:148,0
DA:149,0
DA:154,0
DA:155,0
DA:158,0
DA:162,0
DA:176,0
DA:185,0
DA:187,0
DA:203,0
DA:207,0
DA:209,0
DA:210,0
DA:211,0
DA:214,0
DA:216,0
DA:217,0
LF:58
LH:0
BRDA:43,0,0,0
BRDA:46,1,0,0
BRDA:46,1,1,0
BRDA:46,2,0,0
BRDA:46,2,1,0
BRDA:50,3,0,0
BRDA:50,3,1,0
BRDA:56,4,0,0
BRDA:57,5,0,0
BRDA:58,6,0,0
BRDA:62,7,0,0
BRDA:62,7,1,0
BRDA:63,8,0,0
BRDA:63,8,1,0
BRDA:63,8,2,0
BRDA:63,8,3,0
BRDA:69,9,0,0
BRDA:69,9,1,0
BRDA:70,10,0,0
BRDA:70,10,1,0
BRDA:70,11,0,0
BRDA:70,11,1,0
BRDA:73,12,0,0
BRDA:73,12,1,0
BRDA:73,13,0,0
BRDA:73,13,1,0
BRDA:79,14,0,0
BRDA:79,14,1,0
BRDA:79,15,0,0
BRDA:79,15,1,0
BRDA:81,16,0,0
BRDA:81,16,1,0
BRDA:88,17,0,0
BRDA:88,17,1,0
BRDA:103,18,0,0
BRDA:103,18,1,0
BRDA:109,19,0,0
BRDA:109,19,1,0
BRDA:109,20,0,0
BRDA:109,20,1,0
BRDA:122,21,0,0
BRDA:122,21,1,0
BRDA:124,22,0,0
BRDA:124,22,1,0
BRDA:125,23,0,0
BRDA:125,23,1,0
BRDA:128,24,0,0
BRDA:128,24,1,0
BRDA:128,25,0,0
BRDA:128,25,1,0
BRDA:130,26,0,0
BRDA:130,26,1,0
BRDA:140,27,0,0
BRDA:140,27,1,0
BRDA:140,28,0,0
BRDA:140,28,1,0
BRDA:142,29,0,0
BRDA:142,29,1,0
BRDA:154,30,0,0
BRDA:154,30,1,0
BRDA:155,31,0,0
BRDA:155,31,1,0
BRDA:170,32,0,0
BRDA:170,32,1,0
BRDA:209,33,0,0
BRDA:209,33,1,0
BRF:66
BRH:0
end_of_record
TN:
SF:src\api\get_categoriesAPI.js
FN:13,getAllCategories
FNF:1
FNH:0
FNDA:0,getAllCategories
DA:18,0
DA:31,0
DA:38,0
DA:39,0
DA:40,0
DA:44,0
LF:6
LH:0
BRDA:38,0,0,0
BRDA:38,0,1,0
BRF:2
BRH:0
end_of_record
TN:
SF:src\api\get_itemByIdAPI.js
FN:12,getItemById
FNF:1
FNH:1
FNDA:4,getItemById
DA:13,4
DA:14,4
DA:16,4
DA:36,3
DA:37,2
DA:38,1
DA:39,1
DA:41,1
DA:42,1
DA:45,1
DA:46,1
DA:48,2
DA:49,2
LF:13
LH:13
BRDA:36,0,0,2
BRDA:36,0,1,1
BRDA:37,1,0,1
BRDA:37,1,1,1
BRF:4
BRH:4
end_of_record
TN:
SF:src\api\get_myItemsAPI.js
FN:17,getMyItems
FNF:1
FNH:1
FNDA:6,getMyItems
DA:20,6
DA:21,6
DA:22,1
DA:23,1
DA:27,5
DA:34,6
DA:37,6
DA:40,5
DA:41,1
DA:42,1
DA:46,4
LF:11
LH:11
BRDA:17,0,0,6
BRDA:21,1,0,1
BRDA:21,1,1,5
BRDA:21,2,0,6
BRDA:21,2,1,6
BRDA:28,3,0,5
BRDA:28,3,1,3
BRDA:29,4,0,6
BRDA:29,4,1,4
BRDA:30,5,0,6
BRDA:30,5,1,3
BRDA:31,6,0,6
BRDA:31,6,1,4
BRDA:40,7,0,1
BRDA:40,7,1,4
BRF:15
BRH:15
end_of_record
TN:
SF:src\api\get_myProfileDetailsAPI.js
FN:12,getMyProfileForEdit
FNF:1
FNH:0
FNDA:0,getMyProfileForEdit
DA:14,0
DA:15,0
DA:17,0
DA:18,0
DA:23,0
DA:46,0
DA:55,0
DA:57,0
DA:58,0
DA:61,0
DA:63,0
DA:64,0
DA:68,0
DA:69,0
DA:70,0
DA:71,0
DA:73,0
DA:74,0
DA:75,0
DA:76,0
DA:80,0
DA:82,0
DA:87,0
DA:88,0
DA:89,0
DA:91,0
DA:95,0
DA:100,0
DA:101,0
DA:102,0
DA:104,0
DA:109,0
LF:32
LH:0
BRDA:15,0,0,0
BRDA:15,0,1,0
BRDA:15,1,0,0
BRDA:15,1,1,0
BRDA:55,2,0,0
BRDA:55,2,1,0
BRDA:57,3,0,0
BRDA:57,3,1,0
BRDA:68,4,0,0
BRDA:68,4,1,0
BRDA:68,5,0,0
BRDA:68,5,1,0
BRDA:68,5,2,0
BRDA:69,6,0,0
BRDA:69,6,1,0
BRDA:71,7,0,0
BRDA:71,7,1,0
BRDA:71,8,0,0
BRDA:71,8,1,0
BRDA:71,8,2,0
BRDA:75,9,0,0
BRDA:75,9,1,0
BRDA:80,10,0,0
BRDA:80,10,1,0
BRDA:87,11,0,0
BRDA:87,11,1,0
BRDA:91,12,0,0
BRDA:91,12,1,0
BRDA:100,13,0,0
BRDA:100,13,1,0
BRDA:104,14,0,0
BRDA:104,14,1,0
BRF:32
BRH:0
end_of_record
TN:
SF:src\api\get_my_reviews.js
FN:16,getMyReviews
FNF:1
FNH:0
FNDA:0,getMyReviews
DA:23,0
DA:26,0
DA:34,0
DA:37,0
DA:38,0
DA:39,0
DA:43,0
LF:7
LH:0
BRDA:16,0,0,0
BRDA:19,1,0,0
BRDA:20,2,0,0
BRDA:21,3,0,0
BRDA:22,4,0,0
BRDA:37,5,0,0
BRDA:37,5,1,0
BRDA:43,6,0,0
BRDA:43,6,1,0
BRF:9
BRH:0
end_of_record
TN:
SF:src\api\get_others_reviews.js
FN:17,getOthersReviews
FNF:1
FNH:0
FNDA:0,getOthersReviews
DA:25,0
DA:28,0
DA:29,0
DA:33,0
DA:42,0
DA:45,0
DA:46,0
DA:47,0
DA:51,0
LF:9
LH:0
BRDA:17,0,0,0
BRDA:21,1,0,0
BRDA:22,2,0,0
BRDA:23,3,0,0
BRDA:24,4,0,0
BRDA:28,5,0,0
BRDA:28,5,1,0
BRDA:45,6,0,0
BRDA:45,6,1,0
BRDA:51,7,0,0
BRDA:51,7,1,0
BRF:11
BRH:0
end_of_record
TN:
SF:src\api\get_searchItemsAPI.js
FN:27,searchItems
FN:64,(anonymous_1)
FN:81,(anonymous_2)
FNF:3
FNH:0
FNDA:0,searchItems
FNDA:0,(anonymous_1)
FNDA:0,(anonymous_2)
DA:30,0
DA:31,0
DA:32,0
DA:37,0
DA:50,0
DA:55,0
DA:57,0
DA:58,0
DA:60,0
DA:64,0
DA:65,0
DA:66,0
DA:69,0
DA:70,0
DA:71,0
DA:74,0
DA:81,0
DA:83,0
DA:87,0
LF:19
LH:0
BRDA:27,0,0,0
BRDA:31,1,0,0
BRDA:31,1,1,0
BRDA:31,2,0,0
BRDA:31,2,1,0
BRDA:38,3,0,0
BRDA:38,3,1,0
BRDA:39,4,0,0
BRDA:39,4,1,0
BRDA:40,5,0,0
BRDA:40,5,1,0
BRDA:41,6,0,0
BRDA:41,6,1,0
BRDA:42,7,0,0
BRDA:42,7,1,0
BRDA:43,8,0,0
BRDA:43,8,1,0
BRDA:44,9,0,0
BRDA:44,9,1,0
BRDA:45,10,0,0
BRDA:45,10,1,0
BRDA:46,11,0,0
BRDA:46,11,1,0
BRDA:47,12,0,0
BRDA:47,12,1,0
BRDA:48,13,0,0
BRDA:48,13,1,0
BRDA:57,14,0,0
BRDA:57,14,1,0
BRDA:69,15,0,0
BRDA:69,15,1,0
BRDA:83,16,0,0
BRDA:83,16,1,0
BRF:33
BRH:0
end_of_record
TN:
SF:src\api\get_userLocationAPI.js
FN:31,getUserPrimaryLocation
FN:74,getMyLocations
FNF:2
FNH:0
FNDA:0,getUserPrimaryLocation
FNDA:0,getMyLocations
DA:32,0
DA:34,0
DA:36,0
DA:37,0
DA:38,0
DA:42,0
DA:46,0
DA:47,0
DA:48,0
DA:52,0
DA:55,0
DA:56,0
DA:76,0
DA:77,0
DA:78,0
DA:79,0
DA:83,0
DA:91,0
DA:99,0
DA:100,0
DA:101,0
DA:105,0
LF:22
LH:0
BRDA:36,0,0,0
BRDA:36,0,1,0
BRDA:36,1,0,0
BRDA:36,1,1,0
BRDA:46,2,0,0
BRDA:46,2,1,0
BRDA:52,3,0,0
BRDA:52,3,1,0
BRDA:52,4,0,0
BRDA:52,4,1,0
BRDA:77,5,0,0
BRDA:77,5,1,0
BRDA:77,6,0,0
BRDA:77,6,1,0
BRDA:99,7,0,0
BRDA:99,7,1,0
BRF:16
BRH:0
end_of_record
TN:
SF:src\api\get_userProfileAPI.js
FN:12,getPublicUserProfile
FNF:1
FNH:0
FNDA:0,getPublicUserProfile
DA:14,0
DA:19,0
DA:24,0
DA:26,0
DA:27,0
DA:28,0
DA:31,0
DA:32,0
DA:36,0
LF:9
LH:0
BRDA:24,0,0,0
BRDA:24,0,1,0
BRDA:26,1,0,0
BRDA:26,1,1,0
BRF:4
BRH:0
end_of_record
TN:
SF:src\api\image.js
FN:13,compressImage
FN:36,generateSafeFilename
FN:55,uploadItemImage
FN:88,uploadItemImages
FN:93,(anonymous_4)
FN:107,uploadProfilePicture
FN:143,analyzeItemImage
FNF:7
FNH:0
FNDA:0,compressImage
FNDA:0,generateSafeFilename
FNDA:0,uploadItemImage
FNDA:0,uploadItemImages
FNDA:0,(anonymous_4)
FNDA:0,uploadProfilePicture
FNDA:0,analyzeItemImage
DA:14,0
DA:21,0
DA:22,0
DA:23,0
DA:24,0
DA:26,0
DA:27,0
DA:38,0
DA:41,0
DA:42,0
DA:44,0
DA:56,0
DA:58,0
DA:59,0
DA:61,0
DA:68,0
DA:69,0
DA:70,0
DA:73,0
DA:77,0
DA:89,0
DA:90,0
DA:93,0
DA:94,0
DA:97,0
DA:108,0
DA:109,0
DA:111,0
DA:112,0
DA:115,0
DA:116,0
DA:118,0
DA:125,0
DA:126,0
DA:127,0
DA:130,0
DA:134,0
DA:135,0
DA:144,0
DA:145,0
DA:147,0
DA:148,0
DA:149,0
DA:152,0
DA:158,0
DA:159,0
DA:160,0
DA:163,0
DA:164,0
DA:167,0
DA:168,0
DA:171,0
DA:172,0
LF:53
LH:0
BRDA:55,0,0,0
BRDA:56,1,0,0
BRDA:56,1,1,0
BRDA:68,2,0,0
BRDA:68,2,1,0
BRDA:88,3,0,0
BRDA:89,4,0,0
BRDA:89,4,1,0
BRDA:89,5,0,0
BRDA:89,5,1,0
BRDA:107,6,0,0
BRDA:109,7,0,0
BRDA:109,7,1,0
BRDA:109,8,0,0
BRDA:109,8,1,0
BRDA:111,9,0,0
BRDA:111,9,1,0
BRDA:125,10,0,0
BRDA:125,10,1,0
BRDA:148,11,0,0
BRDA:148,11,1,0
BRDA:148,12,0,0
BRDA:148,12,1,0
BRDA:158,13,0,0
BRDA:158,13,1,0
BRDA:160,14,0,0
BRDA:160,14,1,0
BRDA:163,15,0,0
BRDA:163,15,1,0
BRDA:163,16,0,0
BRDA:163,16,1,0
BRDA:164,17,0,0
BRDA:164,17,1,0
BRF:33
BRH:0
end_of_record
TN:
SF:src\api\location.js
FN:36,getCurrentPosition
FN:37,(anonymous_1)
FN:54,(anonymous_2)
FN:62,(anonymous_3)
FN:128,saveLocation
FNF:5
FNH:0
FNDA:0,getCurrentPosition
FNDA:0,(anonymous_1)
FNDA:0,(anonymous_2)
FNDA:0,(anonymous_3)
FNDA:0,saveLocation
DA:37,0
DA:39,0
DA:40,0
DA:41,0
DA:44,0
DA:50,0
DA:52,0
DA:55,0
DA:63,0
DA:65,0
DA:66,0
DA:68,0
DA:69,0
DA:71,0
DA:72,0
DA:74,0
DA:130,0
DA:131,0
DA:133,0
DA:134,0
DA:136,0
DA:137,0
DA:140,0
DA:141,0
DA:143,0
DA:144,0
DA:151,0
DA:152,0
DA:160,0
DA:163,0
DA:166,0
DA:168,0
DA:172,0
DA:175,0
DA:184,0
DA:187,0
LF:36
LH:0
BRDA:36,0,0,0
BRDA:39,1,0,0
BRDA:39,1,1,0
BRDA:63,2,0,0
BRDA:63,2,1,0
BRDA:63,2,2,0
BRDA:63,2,3,0
BRDA:130,3,0,0
BRDA:130,3,1,0
BRDA:130,4,0,0
BRDA:130,4,1,0
BRDA:133,5,0,0
BRDA:133,5,1,0
BRDA:133,6,0,0
BRDA:133,6,1,0
BRDA:136,7,0,0
BRDA:136,7,1,0
BRDA:136,8,0,0
BRDA:136,8,1,0
BRDA:141,9,0,0
BRDA:141,9,1,0
BRDA:151,10,0,0
BRDA:151,10,1,0
BRDA:152,11,0,0
BRDA:152,11,1,0
BRDA:152,11,2,0
BRDA:152,11,3,0
BRDA:160,12,0,0
BRDA:160,12,1,0
BRDA:163,13,0,0
BRDA:163,13,1,0
BRDA:166,14,0,0
BRDA:166,14,1,0
BRDA:168,15,0,0
BRDA:168,15,1,0
BRDA:175,16,0,0
BRDA:175,16,1,0
BRDA:175,17,0,0
BRDA:175,17,1,0
BRDA:175,17,2,0
BRDA:175,17,3,0
BRDA:175,17,4,0
BRDA:175,17,5,0
BRDA:175,17,6,0
BRF:44
BRH:0
end_of_record
TN:
SF:src\api\nominatimAPI.js
FN:15,geocodeAddress
FN:23,(anonymous_1)
FN:44,reverseGeocode
FN:67,autocomplete
FN:79,(anonymous_4)
FNF:5
FNH:0
FNDA:0,geocodeAddress
FNDA:0,(anonymous_1)
FNDA:0,reverseGeocode
FNDA:0,autocomplete
FNDA:0,(anonymous_4)
DA:16,0
DA:17,0
DA:23,0
DA:32,0
DA:33,0
DA:45,0
DA:46,0
DA:48,0
DA:56,0
DA:57,0
DA:68,0
DA:69,0
DA:72,0
DA:73,0
DA:79,0
DA:86,0
DA:87,0
LF:17
LH:0
BRDA:68,0,0,0
BRDA:68,0,1,0
BRDA:68,1,0,0
BRDA:68,1,1,0
BRF:4
BRH:0
end_of_record
TN:
SF:src\api\pointsAPI.js
FN:69,getUserPointsProfile
FN:92,normalizePointLog
FN:114,getPointLogs
FN:130,(anonymous_3)
FN:140,getPointsTransactions
FN:151,dailySignIn
FN:173,getUserBadgesWithProgress
FN:191,getUserBadges
FN:201,manuallyCheckBadges
FN:220,checkListingPermission
FN:234,(anonymous_10)
FN:253,getLevelTier
FN:255,(anonymous_12)
FN:264,getTrustTier
FN:265,(anonymous_14)
FN:274,calculateStreakReward
FNF:16
FNH:14
FNDA:6,getUserPointsProfile
FNDA:21,normalizePointLog
FNDA:3,getPointLogs
FNDA:21,(anonymous_3)
FNDA:0,getPointsTransactions
FNDA:2,dailySignIn
FNDA:4,getUserBadgesWithProgress
FNDA:2,getUserBadges
FNDA:0,manuallyCheckBadges
FNDA:2,checkListingPermission
FNDA:5,(anonymous_10)
FNDA:6,getLevelTier
FNDA:24,(anonymous_12)
FNDA:5,getTrustTier
FNDA:25,(anonymous_14)
FNDA:10,calculateStreakReward
DA:8,1
DA:19,1
DA:28,1
DA:50,1
DA:70,6
DA:71,6
DA:73,5
DA:75,5
DA:77,5
DA:78,0
DA:79,0
DA:82,5
DA:83,5
DA:93,21
DA:94,21
DA:115,3
DA:116,3
DA:117,3
DA:119,3
DA:125,3
DA:126,0
DA:127,0
DA:130,21
DA:132,3
DA:141,0
DA:142,0
DA:152,2
DA:153,2
DA:155,1
DA:157,1
DA:159,1
DA:160,0
DA:161,0
DA:164,1
DA:165,1
DA:174,4
DA:178,4
DA:179,0
DA:180,0
DA:183,4
DA:192,2
DA:193,2
DA:202,0
DA:203,0
DA:205,0
DA:207,0
DA:208,0
DA:209,0
DA:212,0
DA:221,2
DA:222,2
DA:224,2
DA:225,2
DA:227,2
DA:228,0
DA:234,5
DA:235,2
DA:237,2
DA:238,2
DA:240,2
DA:254,6
DA:255,24
DA:265,25
DA:266,5
DA:275,10
DA:276,8
DA:277,7
DA:278,6
DA:279,5
DA:280,4
DA:281,3
LF:71
LH:53
BRDA:71,0,0,1
BRDA:71,0,1,5
BRDA:77,1,0,0
BRDA:77,1,1,5
BRDA:79,2,0,0
BRDA:79,2,1,0
BRDA:95,3,0,21
BRDA:95,3,1,0
BRDA:95,3,2,0
BRDA:95,3,3,0
BRDA:96,4,0,21
BRDA:96,4,1,20
BRDA:100,5,0,21
BRDA:100,5,1,21
BRDA:101,6,0,21
BRDA:101,6,1,20
BRDA:102,7,0,21
BRDA:102,7,1,21
BRDA:103,8,0,21
BRDA:103,8,1,21
BRDA:103,8,2,21
BRDA:105,9,0,21
BRDA:105,9,1,21
BRDA:114,10,0,3
BRDA:115,11,0,3
BRDA:115,12,0,3
BRDA:115,13,0,3
BRDA:117,14,0,0
BRDA:117,14,1,3
BRDA:125,15,0,0
BRDA:125,15,1,3
BRDA:127,16,0,0
BRDA:127,16,1,0
BRDA:130,17,0,3
BRDA:130,17,1,0
BRDA:140,18,0,0
BRDA:141,19,0,0
BRDA:141,20,0,0
BRDA:141,21,0,0
BRDA:153,22,0,1
BRDA:153,22,1,1
BRDA:159,23,0,0
BRDA:159,23,1,1
BRDA:161,24,0,0
BRDA:161,24,1,0
BRDA:173,25,0,4
BRDA:178,26,0,0
BRDA:178,26,1,4
BRDA:180,27,0,0
BRDA:180,27,1,0
BRDA:191,28,0,2
BRDA:193,29,0,2
BRDA:193,29,1,1
BRDA:203,30,0,0
BRDA:203,30,1,0
BRDA:207,31,0,0
BRDA:207,31,1,0
BRDA:209,32,0,0
BRDA:209,32,1,0
BRDA:222,33,0,0
BRDA:222,33,1,2
BRDA:227,34,0,0
BRDA:227,34,1,2
BRDA:254,35,0,6
BRDA:254,35,1,1
BRDA:255,36,0,24
BRDA:255,36,1,17
BRDA:266,37,0,5
BRDA:266,37,1,0
BRDA:275,38,0,2
BRDA:275,38,1,8
BRDA:275,39,0,10
BRDA:275,39,1,9
BRDA:276,40,0,1
BRDA:276,40,1,7
BRDA:277,41,0,1
BRDA:277,41,1,6
BRDA:278,42,0,1
BRDA:278,42,1,5
BRDA:279,43,0,1
BRDA:279,43,1,4
BRDA:280,44,0,1
BRDA:280,44,1,3
BRF:83
BRH:53
end_of_record
TN:
SF:src\api\ragQaAPI.js
FN:15,askRagQA
FN:23,(anonymous_1)
FNF:2
FNH:0
FNDA:0,askRagQA
FNDA:0,(anonymous_1)
DA:16,0
DA:18,0
DA:19,0
DA:23,0
DA:28,0
DA:30,0
DA:46,0
DA:49,0
DA:50,0
DA:53,0
DA:60,0
DA:61,0
LF:12
LH:0
BRDA:15,0,0,0
BRDA:15,1,0,0
BRDA:18,2,0,0
BRDA:18,2,1,0
BRDA:18,3,0,0
BRDA:18,3,1,0
BRDA:18,3,2,0
BRDA:36,4,0,0
BRDA:36,4,1,0
BRDA:49,5,0,0
BRDA:49,5,1,0
BRDA:49,6,0,0
BRDA:49,6,1,0
BRDA:50,7,0,0
BRDA:50,7,1,0
BRDA:56,8,0,0
BRDA:56,8,1,0
BRF:17
BRH:0
end_of_record
TN:
SF:src\api\save_locationAPI.js
FN:31,saveUserLocation
FN:98,saveCurrentLocation
FN:104,(anonymous_2)
FN:106,(anonymous_3)
FN:122,(anonymous_4)
FN:157,setPrimaryLocation
FN:196,deleteUserLocation
FNF:7
FNH:0
FNDA:0,saveUserLocation
FNDA:0,saveCurrentLocation
FNDA:0,(anonymous_2)
FNDA:0,(anonymous_3)
FNDA:0,(anonymous_4)
FNDA:0,setPrimaryLocation
FNDA:0,deleteUserLocation
DA:38,0
DA:40,0
DA:41,0
DA:44,0
DA:45,0
DA:49,0
DA:50,0
DA:54,0
DA:64,0
DA:65,0
DA:66,0
DA:69,0
DA:70,0
DA:73,0
DA:74,0
DA:77,0
DA:78,0
DA:100,0
DA:101,0
DA:104,0
DA:105,0
DA:107,0
DA:108,0
DA:110,0
DA:117,0
DA:119,0
DA:124,0
DA:126,0
DA:127,0
DA:129,0
DA:130,0
DA:132,0
DA:133,0
DA:135,0
DA:158,0
DA:159,0
DA:161,0
DA:162,0
DA:166,0
DA:172,0
DA:173,0
DA:174,0
DA:178,0
DA:181,0
DA:182,0
DA:197,0
DA:198,0
DA:200,0
DA:201,0
DA:204,0
DA:210,0
DA:211,0
DA:212,0
DA:215,0
DA:218,0
DA:219,0
LF:56
LH:0
BRDA:34,0,0,0
BRDA:35,1,0,0
BRDA:36,2,0,0
BRDA:40,3,0,0
BRDA:40,3,1,0
BRDA:40,4,0,0
BRDA:40,4,1,0
BRDA:40,4,2,0
BRDA:44,5,0,0
BRDA:44,5,1,0
BRDA:44,6,0,0
BRDA:44,6,1,0
BRDA:44,6,2,0
BRDA:49,7,0,0
BRDA:49,7,1,0
BRDA:64,8,0,0
BRDA:64,8,1,0
BRDA:66,9,0,0
BRDA:66,9,1,0
BRDA:69,10,0,0
BRDA:69,10,1,0
BRDA:69,11,0,0
BRDA:69,11,1,0
BRDA:70,12,0,0
BRDA:70,12,1,0
BRDA:98,13,0,0
BRDA:98,14,0,0
BRDA:100,15,0,0
BRDA:100,15,1,0
BRDA:124,16,0,0
BRDA:124,16,1,0
BRDA:124,16,2,0
BRDA:124,16,3,0
BRDA:161,17,0,0
BRDA:161,17,1,0
BRDA:161,18,0,0
BRDA:161,18,1,0
BRDA:172,19,0,0
BRDA:172,19,1,0
BRDA:200,20,0,0
BRDA:200,20,1,0
BRDA:200,21,0,0
BRDA:200,21,1,0
BRDA:210,22,0,0
BRDA:210,22,1,0
BRF:45
BRH:0
end_of_record
TN:
SF:src\api\transaction_before_meetAPI.js
FN:9,initiateTransaction
FN:24,getMyTransactionsByStatus
FN:39,updateGiverNote
FN:55,buyerConfirmTransaction
FN:71,cancelTransaction
FNF:5
FNH:5
FNDA:2,initiateTransaction
FNDA:2,getMyTransactionsByStatus
FNDA:2,updateGiverNote
FNDA:2,buyerConfirmTransaction
FNDA:2,cancelTransaction
DA:10,2
DA:14,2
DA:15,1
DA:25,2
DA:29,2
DA:30,2
DA:40,2
DA:44,2
DA:45,1
DA:56,2
DA:60,2
DA:61,1
DA:72,2
DA:75,2
DA:76,1
LF:15
LH:15
BRDA:14,0,0,1
BRDA:14,0,1,1
BRDA:29,1,0,0
BRDA:29,1,1,2
BRDA:44,2,0,1
BRDA:44,2,1,1
BRDA:60,3,0,1
BRDA:60,3,1,1
BRDA:75,4,0,1
BRDA:75,4,1,1
BRF:10
BRH:9
end_of_record
TN:
SF:src\api\transaction_meetAPI.js
FN:9,finalizeTransactionWithCode
FNF:1
FNH:1
FNDA:3,finalizeTransactionWithCode
DA:11,3
DA:12,3
DA:15,2
DA:21,2
DA:24,2
DA:25,1
DA:26,1
DA:28,1
LF:8
LH:8
BRDA:12,0,0,1
BRDA:12,0,1,2
BRDA:24,1,0,1
BRDA:24,1,1,1
BRF:4
BRH:4
end_of_record
TN:
SF:src\api\transactionsAPI.js
FN:12,createOffer
FN:40,respondToOffer
FN:68,createOrderRequest
FN:93,respondToOrderRequest
FN:114,getTransactionConfirmation
FN:152,confirmTransaction
FN:175,completeTransaction
FN:200,getMyTransactions
FN:256,getTransactionById
FN:297,createReview
FN:322,updateReview
FN:344,getReviewByTransaction
FNF:12
FNH:12
FNDA:2,createOffer
FNDA:4,respondToOffer
FNDA:2,createOrderRequest
FNDA:3,respondToOrderRequest
FNDA:2,getTransactionConfirmation
FNDA:2,confirmTransaction
FNDA:2,completeTransaction
FNDA:3,getMyTransactions
FNDA:2,getTransactionById
FNDA:2,createReview
FNDA:2,updateReview
FNDA:2,getReviewByTransaction
DA:13,2
DA:14,2
DA:17,1
DA:27,1
DA:28,1
DA:30,1
DA:41,4
DA:42,4
DA:44,3
DA:57,4
DA:58,4
DA:60,4
DA:69,2
DA:70,2
DA:72,1
DA:81,1
DA:82,1
DA:84,1
DA:94,3
DA:95,3
DA:97,2
DA:103,3
DA:104,3
DA:106,3
DA:115,2
DA:116,2
DA:119,1
DA:140,1
DA:141,1
DA:143,1
DA:153,2
DA:154,2
DA:156,1
DA:164,1
DA:165,1
DA:167,1
DA:176,2
DA:177,2
DA:179,1
DA:189,1
DA:190,1
DA:192,1
DA:201,3
DA:202,3
DA:205,2
DA:245,2
DA:246,2
DA:248,2
DA:257,2
DA:258,2
DA:260,1
DA:286,1
DA:287,1
DA:289,1
DA:298,2
DA:299,2
DA:301,1
DA:310,1
DA:311,1
DA:313,1
DA:323,2
DA:324,2
DA:326,1
DA:333,1
DA:334,1
DA:336,1
DA:345,2
DA:346,2
DA:349,1
DA:350,1
DA:352,1
LF:71
LH:71
BRDA:14,0,0,1
BRDA:14,0,1,1
BRDA:40,1,0,4
BRDA:42,2,0,1
BRDA:42,2,1,3
BRDA:46,3,0,1
BRDA:46,3,1,2
BRDA:48,4,0,1
BRDA:48,4,1,2
BRDA:70,5,0,1
BRDA:70,5,1,1
BRDA:95,6,0,1
BRDA:95,6,1,2
BRDA:99,7,0,1
BRDA:99,7,1,1
BRDA:116,8,0,1
BRDA:116,8,1,1
BRDA:154,9,0,1
BRDA:154,9,1,1
BRDA:177,10,0,1
BRDA:177,10,1,1
BRDA:200,11,0,3
BRDA:202,12,0,1
BRDA:202,12,1,2
BRDA:258,13,0,1
BRDA:258,13,1,1
BRDA:299,14,0,1
BRDA:299,14,1,1
BRDA:324,15,0,1
BRDA:324,15,1,1
BRDA:346,16,0,1
BRDA:346,16,1,1
BRF:32
BRH:32
end_of_record
TN:
SF:src\api\update_myItemAPI.js
FN:14,updateMyItem
FN:67,toggleItemStatus
FN:96,relistMyItem
FN:136,unlistItem
FN:178,deleteMyItem
FNF:5
FNH:4
FNDA:2,updateMyItem
FNDA:0,toggleItemStatus
FNDA:4,relistMyItem
FNDA:2,unlistItem
FNDA:2,deleteMyItem
DA:16,2
DA:17,2
DA:18,1
DA:21,1
DA:23,1
DA:25,1
DA:26,0
DA:33,0
DA:34,0
DA:39,1
DA:47,1
DA:48,1
DA:49,1
DA:52,0
DA:53,0
DA:55,1
DA:56,1
DA:69,0
DA:76,0
DA:77,0
DA:86,0
DA:87,0
DA:98,4
DA:99,4
DA:102,3
DA:107,3
DA:110,3
DA:111,2
DA:112,2
DA:114,1
DA:138,2
DA:139,2
DA:142,1
DA:147,1
DA:150,1
DA:151,1
DA:152,1
DA:154,0
DA:179,2
DA:180,2
DA:181,1
DA:184,1
DA:186,1
DA:188,1
DA:196,1
DA:197,1
DA:198,1
DA:201,0
DA:202,0
DA:204,1
DA:205,1
LF:51
LH:38
BRDA:17,0,0,1
BRDA:17,0,1,1
BRDA:17,1,0,2
BRDA:17,1,1,2
BRDA:25,2,0,0
BRDA:25,2,1,1
BRDA:33,3,0,0
BRDA:33,3,1,0
BRDA:33,4,0,0
BRDA:33,4,1,0
BRDA:47,5,0,1
BRDA:47,5,1,0
BRDA:69,6,0,0
BRDA:69,6,1,0
BRDA:99,7,0,1
BRDA:99,7,1,3
BRDA:110,8,0,2
BRDA:110,8,1,1
BRDA:139,9,0,1
BRDA:139,9,1,1
BRDA:150,10,0,1
BRDA:150,10,1,0
BRDA:180,11,0,1
BRDA:180,11,1,1
BRDA:180,12,0,2
BRDA:180,12,1,2
BRDA:196,13,0,1
BRDA:196,13,1,0
BRF:28
BRH:18
end_of_record
TN:
SF:src\api\update_myProfileDetailsAPI.js
FN:15,updateMyProfile
FNF:1
FNH:0
FNDA:0,updateMyProfile
DA:18,0
DA:19,0
DA:20,0
DA:23,0
DA:25,0
DA:27,0
DA:28,0
DA:29,0
DA:36,0
DA:37,0
DA:38,0
DA:40,0
DA:44,0
DA:45,0
DA:46,0
DA:51,0
DA:52,0
DA:53,0
DA:55,0
DA:59,0
DA:60,0
DA:62,0
DA:64,0
DA:65,0
DA:67,0
DA:68,0
DA:69,0
DA:74,0
DA:76,0
DA:84,0
DA:86,0
DA:87,0
DA:93,0
DA:94,0
DA:95,0
DA:99,0
DA:100,0
DA:104,0
DA:105,0
DA:106,0
DA:110,0
DA:114,0
DA:140,0
DA:141,0
DA:142,0
DA:145,0
DA:146,0
DA:149,0
DA:150,0
LF:49
LH:0
BRDA:19,0,0,0
BRDA:19,0,1,0
BRDA:19,1,0,0
BRDA:19,1,1,0
BRDA:27,2,0,0
BRDA:27,2,1,0
BRDA:27,3,0,0
BRDA:27,3,1,0
BRDA:36,4,0,0
BRDA:36,4,1,0
BRDA:44,5,0,0
BRDA:44,5,1,0
BRDA:44,6,0,0
BRDA:44,6,1,0
BRDA:51,7,0,0
BRDA:51,7,1,0
BRDA:59,8,0,0
BRDA:59,8,1,0
BRDA:59,9,0,0
BRDA:59,9,1,0
BRDA:64,10,0,0
BRDA:64,10,1,0
BRDA:65,11,0,0
BRDA:65,11,1,0
BRDA:67,12,0,0
BRDA:67,12,1,0
BRDA:67,13,0,0
BRDA:67,13,1,0
BRDA:84,14,0,0
BRDA:84,14,1,0
BRDA:93,15,0,0
BRDA:93,15,1,0
BRDA:104,16,0,0
BRDA:104,16,1,0
BRDA:140,17,0,0
BRDA:140,17,1,0
BRF:36
BRH:0
end_of_record
TN:
SF:src\components\AchievementBadges.vue
FN:118,(anonymous_0)
FN:124,(anonymous_1)
FN:135,(anonymous_2)
FN:183,(anonymous_3)
FN:189,(anonymous_4)
FN:194,expandRow
FN:198,onBadgeClick
FN:209,toggleBadgeSelection
FN:218,saveBadgeSelection
FN:224,(anonymous_9)
FNF:10
FNH:0
FNDA:0,(anonymous_0)
FNDA:0,(anonymous_1)
FNDA:0,(anonymous_2)
FNDA:0,(anonymous_3)
FNDA:0,(anonymous_4)
FNDA:0,expandRow
FNDA:0,onBadgeClick
FNDA:0,toggleBadgeSelection
FNDA:0,saveBadgeSelection
FNDA:0,(anonymous_9)
DA:2,0
DA:6,0
DA:16,0
DA:26,0
DA:29,0
DA:38,0
DA:64,0
DA:67,0
DA:68,0
DA:90,0
DA:109,0
DA:112,0
DA:113,0
DA:114,0
DA:115,0
DA:118,0
DA:119,0
DA:120,0
DA:121,0
DA:124,0
DA:125,0
DA:126,0
DA:127,0
DA:129,0
DA:135,0
DA:136,0
DA:138,0
DA:183,0
DA:184,0
DA:185,0
DA:188,0
DA:189,0
DA:191,0
DA:195,0
DA:199,0
DA:201,0
DA:204,0
DA:206,0
DA:210,0
DA:211,0
DA:212,0
DA:214,0
DA:219,0
DA:220,0
DA:221,0
DA:223,0
DA:224,0
DA:225,0
DA:226,0
LF:49
LH:0
BRDA:120,0,0,0
BRDA:120,0,1,0
BRDA:125,1,0,0
BRDA:125,1,1,0
BRDA:184,2,0,0
BRDA:184,2,1,0
BRDA:188,3,0,0
BRDA:188,3,1,0
BRDA:199,4,0,0
BRDA:199,4,1,0
BRDA:211,5,0,0
BRDA:211,5,1,0
BRDA:223,6,0,0
BRDA:223,6,1,0
BRDA:225,7,0,0
BRDA:225,7,1,0
BRDA:25,8,0,0
BRDA:25,8,1,0
BRDA:34,9,0,0
BRDA:34,9,1,0
BRDA:63,10,0,0
BRDA:63,10,1,0
BRDA:68,11,0,0
BRDA:68,11,1,0
BRF:24
BRH:0
end_of_record
TN:
SF:src\components\AppFooter.vue
FNF:0
FNH:0
DA:2,0
LF:1
LH:0
BRF:0
BRH:0
end_of_record
TN:
SF:src\components\AppHeader.vue
FN:420,(anonymous_0)
FN:430,(anonymous_1)
FN:441,(anonymous_2)
FN:446,(anonymous_3)
FN:447,(anonymous_4)
FN:450,(anonymous_5)
FN:461,(anonymous_6)
FN:461,(anonymous_7)
FN:480,(anonymous_8)
FN:485,(anonymous_9)
FN:488,(anonymous_10)
FN:495,(anonymous_11)
FN:500,(anonymous_12)
FN:513,(anonymous_13)
FN:517,(anonymous_14)
FN:526,(anonymous_15)
FN:531,(anonymous_16)
FN:537,(anonymous_17)
FN:549,(anonymous_18)
FN:557,(anonymous_19)
FN:566,(anonymous_20)
FN:572,(anonymous_21)
FN:582,(anonymous_22)
FN:17,(anonymous_23)
FN:50,(anonymous_24)
FN:60,(anonymous_25)
FN:91,(anonymous_26)
FN:136,(anonymous_27)
FN:157,(anonymous_28)
FN:8,(anonymous_29)
FN:104,(anonymous_30)
FN:123,(anonymous_31)
FN:161,(anonymous_32)
FN:171,(anonymous_33)
FN:174,(anonymous_34)
FNF:35
FNH:0
FNDA:0,(anonymous_0)
FNDA:0,(anonymous_1)
FNDA:0,(anonymous_2)
FNDA:0,(anonymous_3)
FNDA:0,(anonymous_4)
FNDA:0,(anonymous_5)
FNDA:0,(anonymous_6)
FNDA:0,(anonymous_7)
FNDA:0,(anonymous_8)
FNDA:0,(anonymous_9)
FNDA:0,(anonymous_10)
FNDA:0,(anonymous_11)
FNDA:0,(anonymous_12)
FNDA:0,(anonymous_13)
FNDA:0,(anonymous_14)
FNDA:0,(anonymous_15)
FNDA:0,(anonymous_16)
FNDA:0,(anonymous_17)
FNDA:0,(anonymous_18)
FNDA:0,(anonymous_19)
FNDA:0,(anonymous_20)
FNDA:0,(anonymous_21)
FNDA:0,(anonymous_22)
FNDA:0,(anonymous_23)
FNDA:0,(anonymous_24)
FNDA:0,(anonymous_25)
FNDA:0,(anonymous_26)
FNDA:0,(anonymous_27)
FNDA:0,(anonymous_28)
FNDA:0,(anonymous_29)
FNDA:0,(anonymous_30)
FNDA:0,(anonymous_31)
FNDA:0,(anonymous_32)
FNDA:0,(anonymous_33)
FNDA:0,(anonymous_34)
DA:2,0
DA:8,0
DA:17,0
DA:21,0
DA:50,0
DA:60,0
DA:91,0
DA:104,0
DA:123,0
DA:136,0
DA:157,0
DA:161,0
DA:171,0
DA:174,0
DA:221,0
DA:247,0
DA:279,0
DA:285,0
DA:293,0
DA:403,0
DA:404,0
DA:405,0
DA:406,0
DA:413,0
DA:420,0
DA:421,0
DA:422,0
DA:423,0
DA:425,0
DA:430,0
DA:432,0
DA:434,0
DA:435,0
DA:437,0
DA:441,0
DA:443,0
DA:446,0
DA:447,0
DA:450,0
DA:451,0
DA:455,0
DA:456,0
DA:457,0
DA:458,0
DA:461,0
DA:462,0
DA:464,0
DA:477,0
DA:479,0
DA:480,0
DA:481,0
DA:485,0
DA:488,0
DA:489,0
DA:490,0
DA:493,0
DA:495,0
DA:497,0
DA:500,0
DA:501,0
DA:505,0
DA:506,0
DA:512,0
DA:513,0
DA:517,0
DA:518,0
DA:519,0
DA:520,0
DA:522,0
DA:526,0
DA:527,0
DA:528,0
DA:531,0
DA:532,0
DA:533,0
DA:537,0
DA:538,0
DA:539,0
DA:540,0
DA:541,0
DA:544,0
DA:549,0
DA:550,0
DA:551,0
DA:552,0
DA:553,0
DA:557,0
DA:558,0
DA:559,0
DA:560,0
DA:562,0
DA:566,0
DA:567,0
DA:568,0
DA:572,0
DA:573,0
DA:574,0
DA:575,0
DA:577,0
DA:582,0
DA:583,0
DA:587,0
DA:588,0
LF:103
LH:0
BRDA:422,0,0,0
BRDA:422,0,1,0
BRDA:432,1,0,0
BRDA:432,1,1,0
BRDA:434,2,0,0
BRDA:434,2,1,0
BRDA:446,3,0,0
BRDA:446,3,1,0
BRDA:447,4,0,0
BRDA:447,4,1,0
BRDA:447,5,0,0
BRDA:447,5,1,0
BRDA:462,6,0,0
BRDA:462,6,1,0
BRDA:479,7,0,0
BRDA:479,7,1,0
BRDA:489,8,0,0
BRDA:489,8,1,0
BRDA:500,9,0,0
BRDA:500,9,1,0
BRDA:505,10,0,0
BRDA:505,10,1,0
BRDA:505,11,0,0
BRDA:505,11,1,0
BRDA:508,12,0,0
BRDA:508,12,1,0
BRDA:519,13,0,0
BRDA:519,13,1,0
BRDA:540,14,0,0
BRDA:540,14,1,0
BRDA:559,15,0,0
BRDA:559,15,1,0
BRDA:574,16,0,0
BRDA:574,16,1,0
BRDA:68,17,0,0
BRDA:68,17,1,0
BRDA:74,18,0,0
BRDA:74,18,1,0
BRDA:95,19,0,0
BRDA:95,19,1,0
BRDA:233,20,0,0
BRDA:233,20,1,0
BRDA:272,21,0,0
BRDA:272,21,1,0
BRDA:279,22,0,0
BRDA:279,22,1,0
BRDA:285,23,0,0
BRDA:285,23,1,0
BRDA:293,24,0,0
BRDA:293,24,1,0
BRDA:363,25,0,0
BRDA:363,25,1,0
BRF:52
BRH:0
end_of_record
TN:
SF:src\components\Breadcrumb.vue
FNF:0
FNH:0
DA:2,0
DA:13,0
DA:16,0
LF:3
LH:0
BRDA:9,0,0,0
BRDA:9,0,1,0
BRF:2
BRH:0
end_of_record
TN:
SF:src\components\CategoryCard.vue
FN:27,(anonymous_0)
FNF:1
FNH:0
FNDA:0,(anonymous_0)
DA:12,0
DA:25,0
DA:27,0
DA:28,0
LF:4
LH:0
BRF:0
BRH:0
end_of_record
TN:
SF:src\components\CategoryTabs.vue
FN:43,(anonymous_0)
FNF:1
FNH:0
FNDA:0,(anonymous_0)
DA:2,0
DA:26,0
DA:41,0
DA:43,0
DA:44,0
DA:45,0
LF:6
LH:0
BRF:0
BRH:0
end_of_record
TN:
SF:src\components\CombinedAchievements.vue
FN:153,(anonymous_0)
FN:158,(anonymous_1)
FN:158,(anonymous_2)
FN:162,fetchBadges
FN:167,(anonymous_4)
FN:172,(anonymous_5)
FN:184,(anonymous_6)
FN:189,(anonymous_7)
FN:192,(anonymous_8)
FN:205,(anonymous_9)
FN:213,(anonymous_10)
FN:223,onBadgeClick
FNF:12
FNH:0
FNDA:0,(anonymous_0)
FNDA:0,(anonymous_1)
FNDA:0,(anonymous_2)
FNDA:0,fetchBadges
FNDA:0,(anonymous_4)
FNDA:0,(anonymous_5)
FNDA:0,(anonymous_6)
FNDA:0,(anonymous_7)
FNDA:0,(anonymous_8)
FNDA:0,(anonymous_9)
FNDA:0,(anonymous_10)
FNDA:0,onBadgeClick
DA:2,0
DA:7,0
DA:38,0
DA:47,0
DA:108,0
DA:124,0
DA:143,0
DA:145,0
DA:146,0
DA:147,0
DA:148,0
DA:149,0
DA:150,0
DA:153,0
DA:154,0
DA:158,0
DA:159,0
DA:163,0
DA:164,0
DA:165,0
DA:167,0
DA:172,0
DA:177,0
DA:179,0
DA:184,0
DA:185,0
DA:189,0
DA:190,0
DA:192,0
DA:193,0
DA:194,0
DA:195,0
DA:197,0
DA:201,0
DA:205,0
DA:206,0
DA:207,0
DA:209,0
DA:213,0
DA:214,0
DA:216,0
DA:219,0
DA:224,0
LF:43
LH:0
BRDA:167,0,0,0
BRDA:167,0,1,0
BRDA:172,1,0,0
BRDA:172,1,1,0
BRDA:193,2,0,0
BRDA:193,2,1,0
BRDA:194,3,0,0
BRDA:194,3,1,0
BRDA:206,4,0,0
BRDA:206,4,1,0
BRDA:209,5,0,0
BRDA:209,5,1,0
BRDA:214,6,0,0
BRDA:214,6,1,0
BRDA:6,7,0,0
BRDA:6,7,1,0
BRF:16
BRH:0
end_of_record
TN:
SF:src\components\CustomerServiceChat.vue
FN:116,(anonymous_0)
FN:124,(anonymous_1)
FN:129,loadChatHistory
FN:141,saveChatHistory
FN:150,toggleChat
FN:154,(anonymous_5)
FN:161,sendMessage
FN:185,(anonymous_7)
FN:224,formatMessageContent
FN:254,formatTime
FN:263,scrollToBottom
FN:264,(anonymous_11)
FN:272,(anonymous_12)
FN:272,(anonymous_13)
FNF:14
FNH:0
FNDA:0,(anonymous_0)
FNDA:0,(anonymous_1)
FNDA:0,loadChatHistory
FNDA:0,saveChatHistory
FNDA:0,toggleChat
FNDA:0,(anonymous_5)
FNDA:0,sendMessage
FNDA:0,(anonymous_7)
FNDA:0,formatMessageContent
FNDA:0,formatTime
FNDA:0,scrollToBottom
FNDA:0,(anonymous_11)
FNDA:0,(anonymous_12)
FNDA:0,(anonymous_13)
DA:2,0
DA:33,0
DA:37,0
DA:41,0
DA:91,0
DA:96,0
DA:107,0
DA:108,0
DA:109,0
DA:110,0
DA:111,0
DA:112,0
DA:113,0
DA:116,0
DA:117,0
DA:121,0
DA:124,0
DA:125,0
DA:130,0
DA:131,0
DA:132,0
DA:133,0
DA:136,0
DA:142,0
DA:143,0
DA:145,0
DA:151,0
DA:152,0
DA:153,0
DA:154,0
DA:155,0
DA:162,0
DA:164,0
DA:170,0
DA:171,0
DA:173,0
DA:174,0
DA:176,0
DA:179,0
DA:180,0
DA:182,0
DA:185,0
DA:190,0
DA:192,0
DA:193,0
DA:199,0
DA:202,0
DA:203,0
DA:206,0
DA:209,0
DA:210,0
DA:215,0
DA:217,0
DA:218,0
DA:219,0
DA:225,0
DA:228,0
DA:236,0
DA:239,0
DA:245,0
DA:250,0
DA:255,0
DA:256,0
DA:264,0
DA:265,0
DA:266,0
DA:272,0
DA:273,0
DA:274,0
LF:69
LH:0
BRDA:117,0,0,0
BRDA:117,0,1,0
BRDA:117,0,2,0
BRDA:132,1,0,0
BRDA:132,1,1,0
BRDA:152,2,0,0
BRDA:152,2,1,0
BRDA:162,3,0,0
BRDA:162,3,1,0
BRDA:162,4,0,0
BRDA:162,4,1,0
BRDA:192,5,0,0
BRDA:192,5,1,0
BRDA:195,6,0,0
BRDA:195,6,1,0
BRDA:196,7,0,0
BRDA:196,7,1,0
BRDA:197,8,0,0
BRDA:197,8,1,0
BRDA:202,9,0,0
BRDA:202,9,1,0
BRDA:225,10,0,0
BRDA:225,10,1,0
BRDA:265,11,0,0
BRDA:265,11,1,0
BRDA:273,12,0,0
BRDA:273,12,1,0
BRDA:33,13,0,0
BRDA:33,13,1,0
BRDA:36,14,0,0
BRDA:36,14,1,0
BRDA:41,15,0,0
BRDA:41,15,1,0
BRDA:44,16,0,0
BRDA:44,16,1,0
BRDA:74,17,0,0
BRDA:74,17,1,0
BRDA:79,18,0,0
BRDA:79,18,1,0
BRDA:79,19,0,0
BRDA:79,19,1,0
BRF:41
BRH:0
end_of_record
TN:
SF:src\components\ExploreSection.vue
FN:74,(anonymous_0)
FN:80,(anonymous_1)
FN:81,(anonymous_2)
FN:96,(anonymous_3)
FN:103,(anonymous_4)
FN:116,(anonymous_5)
FN:119,(anonymous_6)
FN:124,(anonymous_7)
FN:131,(anonymous_8)
FN:140,(anonymous_9)
FN:149,(anonymous_10)
FN:162,(anonymous_11)
FN:169,(anonymous_12)
FNF:13
FNH:0
FNDA:0,(anonymous_0)
FNDA:0,(anonymous_1)
FNDA:0,(anonymous_2)
FNDA:0,(anonymous_3)
FNDA:0,(anonymous_4)
FNDA:0,(anonymous_5)
FNDA:0,(anonymous_6)
FNDA:0,(anonymous_7)
FNDA:0,(anonymous_8)
FNDA:0,(anonymous_9)
FNDA:0,(anonymous_10)
FNDA:0,(anonymous_11)
FNDA:0,(anonymous_12)
DA:2,0
DA:20,0
DA:70,0
DA:71,0
DA:73,0
DA:74,0
DA:75,0
DA:80,0
DA:81,0
DA:82,0
DA:86,0
DA:87,0
DA:88,0
DA:89,0
DA:90,0
DA:93,0
DA:94,0
DA:96,0
DA:97,0
DA:98,0
DA:99,0
DA:100,0
DA:103,0
DA:104,0
DA:107,0
DA:108,0
DA:110,0
DA:111,0
DA:112,0
DA:113,0
DA:116,0
DA:117,0
DA:119,0
DA:120,0
DA:124,0
DA:125,0
DA:126,0
DA:131,0
DA:132,0
DA:133,0
DA:134,0
DA:140,0
DA:141,0
DA:142,0
DA:143,0
DA:149,0
DA:150,0
DA:151,0
DA:154,0
DA:157,0
DA:158,0
DA:162,0
DA:163,0
DA:164,0
DA:165,0
DA:169,0
DA:170,0
LF:57
LH:0
BRDA:73,0,0,0
BRDA:73,0,1,0
BRDA:98,1,0,0
BRDA:98,1,1,0
BRDA:104,2,0,0
BRDA:104,2,1,0
BRDA:110,3,0,0
BRDA:110,3,1,0
BRDA:125,4,0,0
BRDA:125,4,1,0
BRDA:151,5,0,0
BRDA:151,5,1,0
BRDA:163,6,0,0
BRDA:163,6,1,0
BRDA:9,7,0,0
BRDA:9,7,1,0
BRDA:52,8,0,0
BRDA:52,8,1,0
BRF:18
BRH:0
end_of_record
TN:
SF:src\components\FilterTabs.vue
FN:55,(anonymous_0)
FN:57,(anonymous_1)
FN:68,(anonymous_2)
FN:68,(anonymous_3)
FN:70,(anonymous_4)
FN:76,(anonymous_5)
FN:80,(anonymous_6)
FN:93,(anonymous_7)
FN:114,(anonymous_8)
FN:127,(anonymous_9)
FN:167,(anonymous_10)
FN:168,(anonymous_11)
FN:186,(anonymous_12)
FN:191,(anonymous_13)
FN:215,(anonymous_14)
FN:242,(anonymous_15)
FNF:16
FNH:0
FNDA:0,(anonymous_0)
FNDA:0,(anonymous_1)
FNDA:0,(anonymous_2)
FNDA:0,(anonymous_3)
FNDA:0,(anonymous_4)
FNDA:0,(anonymous_5)
FNDA:0,(anonymous_6)
FNDA:0,(anonymous_7)
FNDA:0,(anonymous_8)
FNDA:0,(anonymous_9)
FNDA:0,(anonymous_10)
FNDA:0,(anonymous_11)
FNDA:0,(anonymous_12)
FNDA:0,(anonymous_13)
FNDA:0,(anonymous_14)
FNDA:0,(anonymous_15)
DA:2,0
DA:16,0
DA:25,0
DA:52,0
DA:55,0
DA:56,0
DA:57,0
DA:58,0
DA:60,0
DA:64,0
DA:65,0
DA:68,0
DA:70,0
DA:71,0
DA:76,0
DA:77,0
DA:79,0
DA:80,0
DA:82,0
DA:85,0
DA:87,0
DA:88,0
DA:90,0
DA:91,0
DA:93,0
DA:94,0
DA:97,0
DA:98,0
DA:102,0
DA:108,0
DA:109,0
DA:113,0
DA:114,0
DA:115,0
DA:116,0
DA:118,0
DA:122,0
DA:123,0
DA:127,0
DA:130,0
DA:131,0
DA:132,0
DA:133,0
DA:137,0
DA:140,0
DA:141,0
DA:142,0
DA:145,0
DA:147,0
DA:148,0
DA:149,0
DA:154,0
DA:155,0
DA:156,0
DA:163,0
DA:167,0
DA:168,0
DA:169,0
DA:170,0
DA:172,0
DA:174,0
DA:175,0
DA:178,0
DA:182,0
DA:183,0
DA:186,0
DA:188,0
DA:191,0
DA:192,0
DA:195,0
DA:196,0
DA:200,0
DA:201,0
DA:202,0
DA:203,0
DA:204,0
DA:205,0
DA:206,0
DA:207,0
DA:208,0
DA:211,0
DA:215,0
DA:217,0
DA:218,0
DA:220,0
DA:227,0
DA:236,0
DA:240,0
DA:243,0
DA:249,0
LF:90
LH:0
BRDA:58,0,0,0
BRDA:58,0,1,0
BRDA:64,1,0,0
BRDA:64,1,1,0
BRDA:70,2,0,0
BRDA:70,2,1,0
BRDA:71,3,0,0
BRDA:71,3,1,0
BRDA:77,4,0,0
BRDA:77,4,1,0
BRDA:77,5,0,0
BRDA:77,5,1,0
BRDA:82,6,0,0
BRDA:82,6,1,0
BRDA:85,7,0,0
BRDA:85,7,1,0
BRDA:87,8,0,0
BRDA:87,8,1,0
BRDA:88,9,0,0
BRDA:88,9,1,0
BRDA:91,10,0,0
BRDA:91,10,1,0
BRDA:97,11,0,0
BRDA:97,11,1,0
BRDA:97,12,0,0
BRDA:97,12,1,0
BRDA:108,13,0,0
BRDA:108,13,1,0
BRDA:108,14,0,0
BRDA:108,14,1,0
BRDA:113,15,0,0
BRDA:113,15,1,0
BRDA:116,16,0,0
BRDA:116,16,1,0
BRDA:122,17,0,0
BRDA:122,17,1,0
BRDA:123,18,0,0
BRDA:123,18,1,0
BRDA:133,19,0,0
BRDA:133,19,1,0
BRDA:133,20,0,0
BRDA:133,20,1,0
BRDA:137,21,0,0
BRDA:137,21,1,0
BRDA:137,22,0,0
BRDA:137,22,1,0
BRDA:137,22,2,0
BRDA:137,22,3,0
BRDA:142,23,0,0
BRDA:142,23,1,0
BRDA:145,24,0,0
BRDA:145,24,1,0
BRDA:145,25,0,0
BRDA:145,25,1,0
BRDA:147,26,0,0
BRDA:147,26,1,0
BRDA:148,27,0,0
BRDA:148,27,1,0
BRDA:149,28,0,0
BRDA:149,28,1,0
BRDA:154,29,0,0
BRDA:154,29,1,0
BRDA:155,30,0,0
BRDA:155,30,1,0
BRDA:156,31,0,0
BRDA:156,31,1,0
BRDA:170,32,0,0
BRDA:170,32,1,0
BRDA:172,33,0,0
BRDA:172,33,1,0
BRDA:172,34,0,0
BRDA:172,34,1,0
BRDA:172,34,2,0
BRDA:175,35,0,0
BRDA:175,35,1,0
BRDA:195,36,0,0
BRDA:195,36,1,0
BRDA:195,37,0,0
BRDA:195,37,1,0
BRDA:196,38,0,0
BRDA:196,38,1,0
BRDA:201,39,0,0
BRDA:201,39,1,0
BRDA:201,40,0,0
BRDA:201,40,1,0
BRDA:202,41,0,0
BRDA:202,41,1,0
BRDA:203,42,0,0
BRDA:203,42,1,0
BRDA:204,43,0,0
BRDA:204,43,1,0
BRDA:205,44,0,0
BRDA:205,44,1,0
BRDA:206,45,0,0
BRDA:206,45,1,0
BRDA:207,46,0,0
BRDA:207,46,1,0
BRDA:207,47,0,0
BRDA:207,47,1,0
BRDA:208,48,0,0
BRDA:208,48,1,0
BRDA:211,49,0,0
BRDA:211,49,1,0
BRDA:217,50,0,0
BRDA:217,50,1,0
BRDA:218,51,0,0
BRDA:218,51,1,0
BRDA:14,52,0,0
BRDA:14,52,1,0
BRDA:14,52,2,0
BRDA:14,53,0,0
BRDA:14,53,1,0
BRF:112
BRH:0
end_of_record
TN:
SF:src\components\FollowersFollowingModal.vue
FN:139,(anonymous_0)
FN:142,(anonymous_1)
FN:146,closeModal
FN:150,formatFollowerText
FN:156,formatFollowingText
FN:162,loadFollowers
FN:177,loadFollowing
FN:192,handleToggleFollow
FN:218,handleUnfollow
FN:231,(anonymous_9)
FN:243,goToUserProfile
FN:249,(anonymous_11)
FN:258,(anonymous_12)
FN:258,(anonymous_13)
FN:270,(anonymous_14)
FNF:15
FNH:0
FNDA:0,(anonymous_0)
FNDA:0,(anonymous_1)
FNDA:0,closeModal
FNDA:0,formatFollowerText
FNDA:0,formatFollowingText
FNDA:0,loadFollowers
FNDA:0,loadFollowing
FNDA:0,handleToggleFollow
FNDA:0,handleUnfollow
FNDA:0,(anonymous_9)
FNDA:0,goToUserProfile
FNDA:0,(anonymous_11)
FNDA:0,(anonymous_12)
FNDA:0,(anonymous_13)
FNDA:0,(anonymous_14)
DA:20,0
DA:23,0
DA:27,0
DA:57,0
DA:60,0
DA:68,0
DA:87,0
DA:103,0
DA:127,0
DA:129,0
DA:130,0
DA:132,0
DA:133,0
DA:134,0
DA:135,0
DA:136,0
DA:137,0
DA:139,0
DA:140,0
DA:142,0
DA:143,0
DA:147,0
DA:151,0
DA:152,0
DA:153,0
DA:157,0
DA:158,0
DA:159,0
DA:163,0
DA:165,0
DA:166,0
DA:167,0
DA:168,0
DA:170,0
DA:171,0
DA:173,0
DA:178,0
DA:180,0
DA:181,0
DA:182,0
DA:183,0
DA:185,0
DA:186,0
DA:188,0
DA:193,0
DA:194,0
DA:195,0
DA:198,0
DA:200,0
DA:201,0
DA:203,0
DA:204,0
DA:205,0
DA:207,0
DA:208,0
DA:211,0
DA:212,0
DA:214,0
DA:219,0
DA:220,0
DA:221,0
DA:224,0
DA:226,0
DA:227,0
DA:228,0
DA:231,0
DA:232,0
DA:233,0
DA:236,0
DA:237,0
DA:239,0
DA:244,0
DA:245,0
DA:249,0
DA:250,0
DA:251,0
DA:252,0
DA:253,0
DA:258,0
DA:259,0
DA:260,0
DA:261,0
DA:262,0
DA:264,0
DA:270,0
DA:271,0
DA:272,0
DA:273,0
DA:275,0
LF:89
LH:0
BRDA:143,0,0,0
BRDA:143,0,1,0
BRDA:151,1,0,0
BRDA:151,1,1,0
BRDA:157,2,0,0
BRDA:157,2,1,0
BRDA:163,3,0,0
BRDA:163,3,1,0
BRDA:168,4,0,0
BRDA:168,4,1,0
BRDA:178,5,0,0
BRDA:178,5,1,0
BRDA:183,6,0,0
BRDA:183,6,1,0
BRDA:193,7,0,0
BRDA:193,7,1,0
BRDA:198,8,0,0
BRDA:198,8,1,0
BRDA:203,9,0,0
BRDA:203,9,1,0
BRDA:212,10,0,0
BRDA:212,10,1,0
BRDA:219,11,0,0
BRDA:219,11,1,0
BRDA:224,12,0,0
BRDA:224,12,1,0
BRDA:232,13,0,0
BRDA:232,13,1,0
BRDA:237,14,0,0
BRDA:237,14,1,0
BRDA:250,15,0,0
BRDA:250,15,1,0
BRDA:250,16,0,0
BRDA:250,16,1,0
BRDA:252,17,0,0
BRDA:252,17,1,0
BRDA:252,18,0,0
BRDA:252,18,1,0
BRDA:259,19,0,0
BRDA:259,19,1,0
BRDA:261,20,0,0
BRDA:261,20,1,0
BRDA:271,21,0,0
BRDA:271,21,1,0
BRDA:272,22,0,0
BRDA:272,22,1,0
BRDA:7,23,0,0
BRDA:7,23,1,0
BRDA:49,24,0,0
BRDA:49,24,1,0
BRDA:50,25,0,0
BRDA:50,25,1,0
BRDA:55,26,0,0
BRDA:55,26,1,0
BRDA:65,27,0,0
BRDA:65,27,1,0
BRDA:68,28,0,0
BRDA:68,28,1,0
BRDA:73,29,0,0
BRDA:73,29,1,0
BRDA:73,29,2,0
BRDA:76,30,0,0
BRDA:76,30,1,0
BRDA:87,31,0,0
BRDA:87,31,1,0
BRF:65
BRH:0
end_of_record
TN:
SF:src\components\HeroBanner.vue
FNF:0
FNH:0
DA:2,0
LF:1
LH:0
BRF:0
BRH:0
end_of_record
TN:
SF:src\components\ImageCropper.vue
FN:126,(anonymous_0)
FN:135,(anonymous_1)
FN:135,(anonymous_2)
FN:137,(anonymous_3)
FN:143,(anonymous_4)
FN:143,(anonymous_5)
FN:145,(anonymous_6)
FN:151,(anonymous_7)
FN:158,(anonymous_8)
FN:165,(anonymous_9)
FN:172,(anonymous_10)
FN:216,(anonymous_11)
FN:244,(anonymous_12)
FN:248,(anonymous_13)
FN:260,(anonymous_14)
FN:276,(anonymous_15)
FN:284,(anonymous_16)
FN:293,(anonymous_17)
FN:386,(anonymous_18)
FN:392,(anonymous_19)
FN:398,(anonymous_20)
FN:451,(anonymous_21)
FN:452,(anonymous_22)
FN:458,(anonymous_23)
FN:466,(anonymous_24)
FNF:25
FNH:0
FNDA:0,(anonymous_0)
FNDA:0,(anonymous_1)
FNDA:0,(anonymous_2)
FNDA:0,(anonymous_3)
FNDA:0,(anonymous_4)
FNDA:0,(anonymous_5)
FNDA:0,(anonymous_6)
FNDA:0,(anonymous_7)
FNDA:0,(anonymous_8)
FNDA:0,(anonymous_9)
FNDA:0,(anonymous_10)
FNDA:0,(anonymous_11)
FNDA:0,(anonymous_12)
FNDA:0,(anonymous_13)
FNDA:0,(anonymous_14)
FNDA:0,(anonymous_15)
FNDA:0,(anonymous_16)
FNDA:0,(anonymous_17)
FNDA:0,(anonymous_18)
FNDA:0,(anonymous_19)
FNDA:0,(anonymous_20)
FNDA:0,(anonymous_21)
FNDA:0,(anonymous_22)
FNDA:0,(anonymous_23)
FNDA:0,(anonymous_24)
DA:76,0
DA:95,0
DA:97,0
DA:98,0
DA:99,0
DA:101,0
DA:102,0
DA:103,0
DA:104,0
DA:105,0
DA:106,0
DA:108,0
DA:109,0
DA:110,0
DA:111,0
DA:113,0
DA:114,0
DA:115,0
DA:116,0
DA:117,0
DA:118,0
DA:119,0
DA:120,0
DA:121,0
DA:123,0
DA:124,0
DA:126,0
DA:127,0
DA:135,0
DA:136,0
DA:137,0
DA:138,0
DA:143,0
DA:144,0
DA:145,0
DA:146,0
DA:151,0
DA:152,0
DA:153,0
DA:154,0
DA:155,0
DA:158,0
DA:159,0
DA:160,0
DA:161,0
DA:162,0
DA:165,0
DA:166,0
DA:168,0
DA:169,0
DA:170,0
DA:172,0
DA:173,0
DA:175,0
DA:176,0
DA:179,0
DA:180,0
DA:183,0
DA:184,0
DA:186,0
DA:187,0
DA:188,0
DA:191,0
DA:192,0
DA:193,0
DA:194,0
DA:197,0
DA:199,0
DA:200,0
DA:201,0
DA:204,0
DA:205,0
DA:207,0
DA:208,0
DA:210,0
DA:213,0
DA:216,0
DA:217,0
DA:219,0
DA:222,0
DA:223,0
DA:226,0
DA:227,0
DA:228,0
DA:229,0
DA:231,0
DA:232,0
DA:233,0
DA:234,0
DA:235,0
DA:236,0
DA:239,0
DA:240,0
DA:241,0
DA:244,0
DA:245,0
DA:248,0
DA:249,0
DA:250,0
DA:251,0
DA:252,0
DA:254,0
DA:255,0
DA:256,0
DA:257,0
DA:260,0
DA:261,0
DA:262,0
DA:263,0
DA:264,0
DA:265,0
DA:266,0
DA:268,0
DA:269,0
DA:270,0
DA:271,0
DA:272,0
DA:273,0
DA:276,0
DA:277,0
DA:279,0
DA:280,0
DA:281,0
DA:284,0
DA:285,0
DA:286,0
DA:288,0
DA:289,0
DA:290,0
DA:293,0
DA:294,0
DA:295,0
DA:296,0
DA:298,0
DA:300,0
DA:301,0
DA:304,0
DA:305,0
DA:307,0
DA:308,0
DA:309,0
DA:311,0
DA:312,0
DA:313,0
DA:314,0
DA:315,0
DA:317,0
DA:319,0
DA:320,0
DA:321,0
DA:324,0
DA:325,0
DA:326,0
DA:327,0
DA:328,0
DA:329,0
DA:330,0
DA:331,0
DA:332,0
DA:333,0
DA:334,0
DA:335,0
DA:336,0
DA:337,0
DA:338,0
DA:339,0
DA:342,0
DA:343,0
DA:344,0
DA:346,0
DA:347,0
DA:350,0
DA:351,0
DA:352,0
DA:353,0
DA:354,0
DA:355,0
DA:356,0
DA:357,0
DA:358,0
DA:359,0
DA:360,0
DA:361,0
DA:362,0
DA:363,0
DA:364,0
DA:365,0
DA:369,0
DA:370,0
DA:373,0
DA:374,0
DA:377,0
DA:378,0
DA:379,0
DA:380,0
DA:383,0
DA:386,0
DA:387,0
DA:388,0
DA:389,0
DA:392,0
DA:393,0
DA:394,0
DA:395,0
DA:398,0
DA:399,0
DA:402,0
DA:403,0
DA:404,0
DA:405,0
DA:406,0
DA:409,0
DA:410,0
DA:411,0
DA:412,0
DA:415,0
DA:416,0
DA:417,0
DA:418,0
DA:422,0
DA:424,0
DA:425,0
DA:428,0
DA:429,0
DA:430,0
DA:431,0
DA:432,0
DA:434,0
DA:435,0
DA:439,0
DA:440,0
DA:441,0
DA:442,0
DA:445,0
DA:451,0
DA:452,0
DA:453,0
DA:458,0
DA:459,0
DA:460,0
DA:461,0
DA:462,0
DA:466,0
DA:467,0
DA:468,0
LF:245
LH:0
BRDA:136,0,0,0
BRDA:136,0,1,0
BRDA:136,1,0,0
BRDA:136,1,1,0
BRDA:144,2,0,0
BRDA:144,2,1,0
BRDA:144,3,0,0
BRDA:144,3,1,0
BRDA:166,4,0,0
BRDA:166,4,1,0
BRDA:166,5,0,0
BRDA:166,5,1,0
BRDA:186,6,0,0
BRDA:186,6,1,0
BRDA:197,7,0,0
BRDA:197,7,1,0
BRDA:217,8,0,0
BRDA:217,8,1,0
BRDA:217,9,0,0
BRDA:217,9,1,0
BRDA:251,10,0,0
BRDA:251,10,1,0
BRDA:252,11,0,0
BRDA:252,11,1,0
BRDA:265,12,0,0
BRDA:265,12,1,0
BRDA:266,13,0,0
BRDA:266,13,1,0
BRDA:277,14,0,0
BRDA:277,14,1,0
BRDA:277,15,0,0
BRDA:277,15,1,0
BRDA:285,16,0,0
BRDA:285,16,1,0
BRDA:285,17,0,0
BRDA:285,17,1,0
BRDA:298,18,0,0
BRDA:298,18,1,0
BRDA:309,19,0,0
BRDA:309,19,1,0
BRDA:317,20,0,0
BRDA:317,20,1,0
BRDA:324,21,0,0
BRDA:324,21,1,0
BRDA:327,22,0,0
BRDA:327,22,1,0
BRDA:332,23,0,0
BRDA:332,23,1,0
BRDA:336,24,0,0
BRDA:336,24,1,0
BRDA:350,25,0,0
BRDA:350,25,1,0
BRDA:353,26,0,0
BRDA:353,26,1,0
BRDA:358,27,0,0
BRDA:358,27,1,0
BRDA:362,28,0,0
BRDA:362,28,1,0
BRDA:399,29,0,0
BRDA:399,29,1,0
BRDA:399,30,0,0
BRDA:399,30,1,0
BRDA:422,31,0,0
BRDA:422,31,1,0
BRDA:430,32,0,0
BRDA:430,32,1,0
BRDA:460,33,0,0
BRDA:460,33,1,0
BRF:68
BRH:0
end_of_record
TN:
SF:src\components\ItemDetailsCard.vue
FN:170,(anonymous_0)
FN:185,(anonymous_1)
FN:196,(anonymous_2)
FN:200,(anonymous_3)
FN:213,(anonymous_4)
FN:219,(anonymous_5)
FN:223,(anonymous_6)
FN:303,(anonymous_7)
FN:307,(anonymous_8)
FN:327,(anonymous_9)
FN:340,(anonymous_10)
FN:367,(anonymous_11)
FN:377,(anonymous_12)
FN:377,(anonymous_13)
FN:383,(anonymous_14)
FN:383,(anonymous_15)
FN:390,(anonymous_16)
FN:395,(anonymous_17)
FN:402,(anonymous_18)
FN:406,(anonymous_19)
FN:413,(anonymous_20)
FN:417,(anonymous_21)
FN:452,(anonymous_22)
FNF:23
FNH:0
FNDA:0,(anonymous_0)
FNDA:0,(anonymous_1)
FNDA:0,(anonymous_2)
FNDA:0,(anonymous_3)
FNDA:0,(anonymous_4)
FNDA:0,(anonymous_5)
FNDA:0,(anonymous_6)
FNDA:0,(anonymous_7)
FNDA:0,(anonymous_8)
FNDA:0,(anonymous_9)
FNDA:0,(anonymous_10)
FNDA:0,(anonymous_11)
FNDA:0,(anonymous_12)
FNDA:0,(anonymous_13)
FNDA:0,(anonymous_14)
FNDA:0,(anonymous_15)
FNDA:0,(anonymous_16)
FNDA:0,(anonymous_17)
FNDA:0,(anonymous_18)
FNDA:0,(anonymous_19)
FNDA:0,(anonymous_20)
FNDA:0,(anonymous_21)
FNDA:0,(anonymous_22)
DA:32,0
DA:44,0
DA:52,0
DA:56,0
DA:68,0
DA:124,0
DA:167,0
DA:168,0
DA:170,0
DA:171,0
DA:174,0
DA:177,0
DA:178,0
DA:181,0
DA:182,0
DA:183,0
DA:185,0
DA:186,0
DA:187,0
DA:188,0
DA:193,0
DA:196,0
DA:197,0
DA:200,0
DA:201,0
DA:202,0
DA:203,0
DA:204,0
DA:205,0
DA:208,0
DA:209,0
DA:213,0
DA:214,0
DA:215,0
DA:219,0
DA:220,0
DA:223,0
DA:224,0
DA:227,0
DA:303,0
DA:304,0
DA:307,0
DA:308,0
DA:309,0
DA:310,0
DA:313,0
DA:320,0
DA:324,0
DA:325,0
DA:327,0
DA:328,0
DA:330,0
DA:331,0
DA:332,0
DA:333,0
DA:336,0
DA:340,0
DA:341,0
DA:342,0
DA:343,0
DA:346,0
DA:348,0
DA:349,0
DA:351,0
DA:352,0
DA:353,0
DA:355,0
DA:356,0
DA:359,0
DA:360,0
DA:362,0
DA:367,0
DA:368,0
DA:369,0
DA:372,0
DA:373,0
DA:377,0
DA:378,0
DA:379,0
DA:383,0
DA:384,0
DA:385,0
DA:390,0
DA:391,0
DA:395,0
DA:396,0
DA:397,0
DA:398,0
DA:402,0
DA:403,0
DA:406,0
DA:407,0
DA:408,0
DA:410,0
DA:413,0
DA:414,0
DA:417,0
DA:419,0
DA:420,0
DA:421,0
DA:425,0
DA:426,0
DA:427,0
DA:430,0
DA:432,0
DA:438,0
DA:447,0
DA:448,0
DA:452,0
DA:453,0
LF:110
LH:0
BRDA:171,0,0,0
BRDA:171,0,1,0
BRDA:186,1,0,0
BRDA:186,1,1,0
BRDA:186,2,0,0
BRDA:186,2,1,0
BRDA:202,3,0,0
BRDA:202,3,1,0
BRDA:214,4,0,0
BRDA:214,4,1,0
BRDA:214,5,0,0
BRDA:214,5,1,0
BRDA:214,5,2,0
BRDA:308,6,0,0
BRDA:308,6,1,0
BRDA:317,7,0,0
BRDA:317,7,1,0
BRDA:328,8,0,0
BRDA:328,8,1,0
BRDA:328,9,0,0
BRDA:328,9,1,0
BRDA:328,9,2,0
BRDA:332,10,0,0
BRDA:332,10,1,0
BRDA:341,11,0,0
BRDA:341,11,1,0
BRDA:346,12,0,0
BRDA:346,12,1,0
BRDA:351,13,0,0
BRDA:351,13,1,0
BRDA:368,14,0,0
BRDA:368,14,1,0
BRDA:372,15,0,0
BRDA:372,15,1,0
BRDA:378,16,0,0
BRDA:378,16,1,0
BRDA:384,17,0,0
BRDA:384,17,1,0
BRDA:396,18,0,0
BRDA:396,18,1,0
BRDA:397,19,0,0
BRDA:397,19,1,0
BRDA:403,20,0,0
BRDA:403,20,1,0
BRDA:407,21,0,0
BRDA:407,21,1,0
BRDA:407,22,0,0
BRDA:407,22,1,0
BRDA:419,23,0,0
BRDA:419,23,1,0
BRDA:425,24,0,0
BRDA:425,24,1,0
BRDA:11,25,0,0
BRDA:11,25,1,0
BRDA:13,26,0,0
BRDA:13,26,1,0
BRDA:42,27,0,0
BRDA:42,27,1,0
BRDA:50,28,0,0
BRDA:50,28,1,0
BRDA:91,29,0,0
BRDA:91,29,1,0
BRDA:92,30,0,0
BRDA:92,30,1,0
BRDA:108,31,0,0
BRDA:108,31,1,0
BRDA:111,32,0,0
BRDA:111,32,1,0
BRDA:117,33,0,0
BRDA:117,33,1,0
BRDA:118,34,0,0
BRDA:118,34,1,0
BRDA:138,35,0,0
BRDA:138,35,1,0
BRDA:141,36,0,0
BRDA:141,36,1,0
BRDA:148,37,0,0
BRDA:148,37,1,0
BRDA:151,38,0,0
BRDA:151,38,1,0
BRF:80
BRH:0
end_of_record
TN:
SF:src\components\ProductCard.vue
FN:97,(anonymous_0)
FN:101,(anonymous_1)
FN:105,(anonymous_2)
FN:109,(anonymous_3)
FN:118,(anonymous_4)
FN:123,(anonymous_5)
FN:129,(anonymous_6)
FN:146,(anonymous_7)
FN:151,(anonymous_8)
FN:186,(anonymous_9)
FNF:10
FNH:0
FNDA:0,(anonymous_0)
FNDA:0,(anonymous_1)
FNDA:0,(anonymous_2)
FNDA:0,(anonymous_3)
FNDA:0,(anonymous_4)
FNDA:0,(anonymous_5)
FNDA:0,(anonymous_6)
FNDA:0,(anonymous_7)
FNDA:0,(anonymous_8)
FNDA:0,(anonymous_9)
DA:48,0
DA:54,0
DA:68,0
DA:69,0
DA:70,0
DA:72,0
DA:97,0
DA:98,0
DA:101,0
DA:102,0
DA:105,0
DA:106,0
DA:109,0
DA:110,0
DA:111,0
DA:115,0
DA:118,0
DA:119,0
DA:123,0
DA:124,0
DA:128,0
DA:129,0
DA:130,0
DA:131,0
DA:132,0
DA:136,0
DA:138,0
DA:143,0
DA:144,0
DA:146,0
DA:147,0
DA:151,0
DA:153,0
DA:154,0
DA:155,0
DA:159,0
DA:160,0
DA:161,0
DA:164,0
DA:166,0
DA:172,0
DA:181,0
DA:182,0
DA:186,0
DA:187,0
DA:188,0
LF:46
LH:0
BRDA:98,0,0,0
BRDA:98,0,1,0
BRDA:98,0,2,0
BRDA:102,1,0,0
BRDA:102,1,1,0
BRDA:102,1,2,0
BRDA:110,2,0,0
BRDA:110,2,1,0
BRDA:110,3,0,0
BRDA:110,3,1,0
BRDA:130,4,0,0
BRDA:130,4,1,0
BRDA:138,5,0,0
BRDA:138,5,1,0
BRDA:143,6,0,0
BRDA:143,6,1,0
BRDA:153,7,0,0
BRDA:153,7,1,0
BRDA:159,8,0,0
BRDA:159,8,1,0
BRDA:187,9,0,0
BRDA:187,9,1,0
BRDA:34,10,0,0
BRDA:34,10,1,0
BRF:24
BRH:0
end_of_record
TN:
SF:src\components\SearchBar.vue
FN:92,(anonymous_0)
FN:93,(anonymous_1)
FN:118,(anonymous_2)
FN:127,(anonymous_3)
FN:131,triggerSearch
FN:139,(anonymous_5)
FN:139,(anonymous_6)
FN:143,(anonymous_7)
FN:143,(anonymous_8)
FN:147,(anonymous_9)
FN:50,(anonymous_10)
FNF:11
FNH:0
FNDA:0,(anonymous_0)
FNDA:0,(anonymous_1)
FNDA:0,(anonymous_2)
FNDA:0,(anonymous_3)
FNDA:0,triggerSearch
FNDA:0,(anonymous_5)
FNDA:0,(anonymous_6)
FNDA:0,(anonymous_7)
FNDA:0,(anonymous_8)
FNDA:0,(anonymous_9)
FNDA:0,(anonymous_10)
DA:50,0
DA:52,0
DA:70,0
DA:71,0
DA:73,0
DA:84,0
DA:85,0
DA:92,0
DA:93,0
DA:94,0
DA:106,0
DA:118,0
DA:119,0
DA:120,0
DA:124,0
DA:127,0
DA:128,0
DA:132,0
DA:139,0
DA:140,0
DA:143,0
DA:144,0
DA:147,0
DA:148,0
DA:149,0
LF:25
LH:0
BRDA:94,0,0,0
BRDA:94,0,1,0
BRDA:140,1,0,0
BRDA:140,1,1,0
BRDA:144,2,0,0
BRDA:144,2,1,0
BRDA:148,3,0,0
BRDA:148,3,1,0
BRDA:148,3,2,0
BRDA:149,4,0,0
BRDA:149,4,1,0
BRDA:149,5,0,0
BRDA:149,5,1,0
BRDA:151,6,0,0
BRDA:151,6,1,0
BRF:15
BRH:0
end_of_record
TN:
SF:src\components\TransactionTrophies.vue
FN:113,(anonymous_0)
FN:189,(anonymous_1)
FN:194,(anonymous_2)
FN:205,(anonymous_3)
FN:210,(anonymous_4)
FN:215,expandRow
FN:219,onTrophyClick
FN:228,toggleTrophySelection
FN:237,saveTrophySelection
FN:242,(anonymous_9)
FNF:10
FNH:0
FNDA:0,(anonymous_0)
FNDA:0,(anonymous_1)
FNDA:0,(anonymous_2)
FNDA:0,(anonymous_3)
FNDA:0,(anonymous_4)
FNDA:0,expandRow
FNDA:0,onTrophyClick
FNDA:0,toggleTrophySelection
FNDA:0,saveTrophySelection
FNDA:0,(anonymous_9)
DA:23,0
DA:26,0
DA:35,0
DA:64,0
DA:67,0
DA:68,0
DA:69,0
DA:85,0
DA:104,0
DA:107,0
DA:108,0
DA:109,0
DA:110,0
DA:113,0
DA:114,0
DA:115,0
DA:116,0
DA:118,0
DA:189,0
DA:190,0
DA:191,0
DA:192,0
DA:194,0
DA:195,0
DA:196,0
DA:197,0
DA:199,0
DA:205,0
DA:206,0
DA:207,0
DA:209,0
DA:210,0
DA:212,0
DA:216,0
DA:220,0
DA:221,0
DA:223,0
DA:225,0
DA:229,0
DA:230,0
DA:231,0
DA:233,0
DA:238,0
DA:239,0
DA:240,0
DA:241,0
DA:242,0
DA:243,0
DA:244,0
LF:49
LH:0
BRDA:191,0,0,0
BRDA:191,0,1,0
BRDA:195,1,0,0
BRDA:195,1,1,0
BRDA:206,2,0,0
BRDA:206,2,1,0
BRDA:209,3,0,0
BRDA:209,3,1,0
BRDA:220,4,0,0
BRDA:220,4,1,0
BRDA:230,5,0,0
BRDA:230,5,1,0
BRDA:241,6,0,0
BRDA:241,6,1,0
BRDA:243,7,0,0
BRDA:243,7,1,0
BRDA:22,8,0,0
BRDA:22,8,1,0
BRDA:31,9,0,0
BRDA:31,9,1,0
BRDA:63,10,0,0
BRDA:63,10,1,0
BRDA:68,11,0,0
BRDA:68,11,1,0
BRF:24
BRH:0
end_of_record
TN:
SF:src\components\dashboard\BadgesCard.vue
FN:113,(anonymous_0)
FN:124,(anonymous_1)
FN:125,(anonymous_2)
FN:133,getRarityLabel
FN:144,selectBadge
FN:148,formatDate
FNF:6
FNH:0
FNDA:0,(anonymous_0)
FNDA:0,(anonymous_1)
FNDA:0,(anonymous_2)
FNDA:0,getRarityLabel
FNDA:0,selectBadge
FNDA:0,formatDate
DA:91,0
DA:102,0
DA:103,0
DA:105,0
DA:113,0
DA:114,0
DA:116,0
DA:123,0
DA:124,0
DA:125,0
DA:126,0
DA:134,0
DA:141,0
DA:145,0
DA:149,0
DA:150,0
LF:16
LH:0
BRDA:114,0,0,0
BRDA:114,0,1,0
BRDA:123,1,0,0
BRDA:123,1,1,0
BRDA:126,2,0,0
BRDA:126,2,1,0
BRDA:126,2,2,0
BRDA:141,3,0,0
BRDA:141,3,1,0
BRDA:52,4,0,0
BRDA:52,4,1,0
BRF:11
BRH:0
end_of_record
TN:
SF:src\components\dashboard\DailyStreakCard.vue
FN:79,(anonymous_0)
FN:81,(anonymous_1)
FN:85,(anonymous_2)
FN:90,(anonymous_3)
FN:102,(anonymous_4)
FN:107,handleSignIn
FN:115,(anonymous_6)
FNF:7
FNH:0
FNDA:0,(anonymous_0)
FNDA:0,(anonymous_1)
FNDA:0,(anonymous_2)
FNDA:0,(anonymous_3)
FNDA:0,(anonymous_4)
FNDA:0,handleSignIn
FNDA:0,(anonymous_6)
DA:40,0
DA:59,0
DA:70,0
DA:73,0
DA:76,0
DA:79,0
DA:80,0
DA:81,0
DA:82,0
DA:85,0
DA:86,0
DA:87,0
DA:90,0
DA:91,0
DA:94,0
DA:96,0
DA:97,0
DA:99,0
DA:102,0
DA:103,0
DA:108,0
DA:110,0
DA:111,0
DA:112,0
DA:115,0
DA:116,0
LF:26
LH:0
BRDA:82,0,0,0
BRDA:82,0,1,0
BRDA:91,1,0,0
BRDA:91,1,1,0
BRDA:94,2,0,0
BRDA:94,2,1,0
BRDA:108,3,0,0
BRDA:108,3,1,0
BRDA:40,4,0,0
BRDA:40,4,1,0
BRF:10
BRH:0
end_of_record
TN:
SF:src\components\dashboard\LevelProgressCard.vue
FN:76,(anonymous_0)
FNF:1
FNH:0
FNDA:0,(anonymous_0)
DA:56,0
DA:76,0
DA:77,0
LF:3
LH:0
BRF:0
BRH:0
end_of_record
TN:
SF:src\components\dashboard\PointsBalanceCard.vue
FN:96,(anonymous_0)
FN:98,(anonymous_1)
FN:104,(anonymous_2)
FN:120,(anonymous_3)
FN:121,(anonymous_4)
FN:122,(anonymous_5)
FN:124,(anonymous_6)
FN:125,(anonymous_7)
FN:126,(anonymous_8)
FN:132,formatNumber
FN:136,normalizeNumber
FN:142,goToTransactions
FN:149,goToEarnPoints
FNF:13
FNH:0
FNDA:0,(anonymous_0)
FNDA:0,(anonymous_1)
FNDA:0,(anonymous_2)
FNDA:0,(anonymous_3)
FNDA:0,(anonymous_4)
FNDA:0,(anonymous_5)
FNDA:0,(anonymous_6)
FNDA:0,(anonymous_7)
FNDA:0,(anonymous_8)
FNDA:0,formatNumber
FNDA:0,normalizeNumber
FNDA:0,goToTransactions
FNDA:0,goToEarnPoints
DA:2,0
DA:16,0
DA:74,0
DA:93,0
DA:94,0
DA:96,0
DA:97,0
DA:98,0
DA:99,0
DA:104,0
DA:105,0
DA:106,0
DA:113,0
DA:120,0
DA:121,0
DA:122,0
DA:124,0
DA:125,0
DA:126,0
DA:127,0
DA:128,0
DA:129,0
DA:133,0
DA:137,0
DA:138,0
DA:143,0
DA:144,0
DA:145,0
DA:150,0
LF:29
LH:0
BRDA:97,0,0,0
BRDA:97,0,1,0
BRDA:105,1,0,0
BRDA:105,1,1,0
BRDA:124,2,0,0
BRDA:124,2,1,0
BRDA:124,2,2,0
BRDA:125,3,0,0
BRDA:125,3,1,0
BRDA:127,4,0,0
BRDA:127,4,1,0
BRDA:128,5,0,0
BRDA:128,5,1,0
BRDA:138,6,0,0
BRDA:138,6,1,0
BRDA:144,7,0,0
BRDA:144,7,1,0
BRF:17
BRH:0
end_of_record
TN:
SF:src\components\dashboard\PointsHistoryCard.vue
FN:141,(anonymous_0)
FN:141,(anonymous_1)
FN:157,handleFilterChange
FN:161,(anonymous_3)
FN:169,handleLoadMore
FN:176,(anonymous_5)
FN:181,selectTransaction
FN:185,getTransactionIcon
FN:189,getTransactionLabel
FN:193,getTransactionColor
FN:197,formatDate
FN:217,formatDateTime
FNF:12
FNH:0
FNDA:0,(anonymous_0)
FNDA:0,(anonymous_1)
FNDA:0,handleFilterChange
FNDA:0,(anonymous_3)
FNDA:0,handleLoadMore
FNDA:0,(anonymous_5)
FNDA:0,selectTransaction
FNDA:0,getTransactionIcon
FNDA:0,getTransactionLabel
FNDA:0,getTransactionColor
FNDA:0,formatDate
FNDA:0,formatDateTime
DA:2,0
DA:62,0
DA:105,0
DA:118,0
DA:137,0
DA:140,0
DA:141,0
DA:142,0
DA:144,0
DA:145,0
DA:146,0
DA:149,0
DA:158,0
DA:159,0
DA:161,0
DA:162,0
DA:170,0
DA:171,0
DA:172,0
DA:174,0
DA:176,0
DA:177,0
DA:182,0
DA:186,0
DA:190,0
DA:194,0
DA:198,0
DA:199,0
DA:200,0
DA:201,0
DA:203,0
DA:204,0
DA:205,0
DA:206,0
DA:207,0
DA:208,0
DA:210,0
DA:218,0
DA:219,0
LF:39
LH:0
BRDA:140,0,0,0
BRDA:140,0,1,0
BRDA:142,1,0,0
BRDA:142,1,1,0
BRDA:163,2,0,0
BRDA:163,2,1,0
BRDA:170,3,0,0
BRDA:170,3,1,0
BRDA:170,4,0,0
BRDA:170,4,1,0
BRDA:186,5,0,0
BRDA:186,5,1,0
BRDA:190,6,0,0
BRDA:190,6,1,0
BRDA:194,7,0,0
BRDA:194,7,1,0
BRDA:203,8,0,0
BRDA:203,8,1,0
BRDA:205,9,0,0
BRDA:205,9,1,0
BRDA:207,10,0,0
BRDA:207,10,1,0
BRDA:53,11,0,0
BRDA:53,11,1,0
BRDA:61,12,0,0
BRDA:61,12,1,0
BRDA:62,13,0,0
BRDA:62,13,1,0
BRDA:62,14,0,0
BRDA:62,14,1,0
BRDA:83,15,0,0
BRDA:83,15,1,0
BRF:32
BRH:0
end_of_record
TN:
SF:src\components\map\ItemDetailModal.vue
FN:277,(anonymous_0)
FN:278,(anonymous_1)
FN:279,(anonymous_2)
FN:280,(anonymous_3)
FN:282,checkDescriptionLength
FN:293,loadItemDetails
FN:340,syncEngagementStates
FN:348,previousImage
FN:354,nextImage
FN:360,selectImage
FN:365,openImagePreview
FN:370,closeImagePreview
FN:374,previousPreviewImage
FN:380,nextPreviewImage
FN:387,formatPrice
FN:393,formatDistance
FN:402,formatDate
FN:417,getStatusClass
FN:428,getStatusText
FN:439,closeModal
FN:443,getFavoritePayload
FN:451,toggleFavorite
FN:472,toggleFollow
FN:495,toggleDescription
FN:499,(anonymous_24)
FN:505,(anonymous_25)
FN:512,handleContact
FN:557,(anonymous_27)
FN:557,(anonymous_28)
FNF:29
FNH:0
FNDA:0,(anonymous_0)
FNDA:0,(anonymous_1)
FNDA:0,(anonymous_2)
FNDA:0,(anonymous_3)
FNDA:0,checkDescriptionLength
FNDA:0,loadItemDetails
FNDA:0,syncEngagementStates
FNDA:0,previousImage
FNDA:0,nextImage
FNDA:0,selectImage
FNDA:0,openImagePreview
FNDA:0,closeImagePreview
FNDA:0,previousPreviewImage
FNDA:0,nextPreviewImage
FNDA:0,formatPrice
FNDA:0,formatDistance
FNDA:0,formatDate
FNDA:0,getStatusClass
FNDA:0,getStatusText
FNDA:0,closeModal
FNDA:0,getFavoritePayload
FNDA:0,toggleFavorite
FNDA:0,toggleFollow
FNDA:0,toggleDescription
FNDA:0,(anonymous_24)
FNDA:0,(anonymous_25)
FNDA:0,handleContact
FNDA:0,(anonymous_27)
FNDA:0,(anonymous_28)
DA:15,0
DA:57,0
DA:65,0
DA:128,0
DA:132,0
DA:158,0
DA:169,0
DA:241,0
DA:256,0
DA:259,0
DA:260,0
DA:261,0
DA:263,0
DA:264,0
DA:265,0
DA:266,0
DA:267,0
DA:268,0
DA:269,0
DA:270,0
DA:271,0
DA:272,0
DA:273,0
DA:274,0
DA:275,0
DA:277,0
DA:278,0
DA:279,0
DA:280,0
DA:283,0
DA:285,0
DA:287,0
DA:288,0
DA:294,0
DA:296,0
DA:297,0
DA:298,0
DA:299,0
DA:300,0
DA:302,0
DA:304,0
DA:305,0
DA:306,0
DA:307,0
DA:308,0
DA:311,0
DA:313,0
DA:314,0
DA:316,0
DA:317,0
DA:319,0
DA:322,0
DA:323,0
DA:326,0
DA:328,0
DA:329,0
DA:332,0
DA:333,0
DA:334,0
DA:336,0
DA:341,0
DA:343,0
DA:344,0
DA:349,0
DA:350,0
DA:355,0
DA:356,0
DA:361,0
DA:366,0
DA:367,0
DA:371,0
DA:375,0
DA:376,0
DA:381,0
DA:382,0
DA:388,0
DA:389,0
DA:394,0
DA:395,0
DA:396,0
DA:398,0
DA:403,0
DA:404,0
DA:405,0
DA:406,0
DA:407,0
DA:409,0
DA:410,0
DA:411,0
DA:412,0
DA:413,0
DA:418,0
DA:424,0
DA:429,0
DA:435,0
DA:440,0
DA:444,0
DA:445,0
DA:452,0
DA:453,0
DA:454,0
DA:455,0
DA:457,0
DA:458,0
DA:459,0
DA:460,0
DA:461,0
DA:463,0
DA:465,0
DA:466,0
DA:468,0
DA:473,0
DA:474,0
DA:475,0
DA:476,0
DA:478,0
DA:479,0
DA:480,0
DA:481,0
DA:482,0
DA:484,0
DA:485,0
DA:488,0
DA:489,0
DA:491,0
DA:496,0
DA:499,0
DA:500,0
DA:501,0
DA:505,0
DA:506,0
DA:507,0
DA:514,0
DA:515,0
DA:516,0
DA:517,0
DA:521,0
DA:522,0
DA:523,0
DA:527,0
DA:528,0
DA:529,0
DA:532,0
DA:533,0
DA:535,0
DA:536,0
DA:539,0
DA:542,0
DA:551,0
DA:552,0
DA:557,0
DA:558,0
DA:559,0
LF:153
LH:0
BRDA:277,0,0,0
BRDA:277,0,1,0
BRDA:277,0,2,0
BRDA:278,1,0,0
BRDA:278,1,1,0
BRDA:278,1,2,0
BRDA:279,2,0,0
BRDA:279,2,1,0
BRDA:279,2,2,0
BRDA:280,3,0,0
BRDA:280,3,1,0
BRDA:280,3,2,0
BRDA:283,4,0,0
BRDA:283,4,1,0
BRDA:285,5,0,0
BRDA:285,5,1,0
BRDA:285,6,0,0
BRDA:285,6,1,0
BRDA:287,7,0,0
BRDA:287,7,1,0
BRDA:294,8,0,0
BRDA:294,8,1,0
BRDA:305,9,0,0
BRDA:305,9,1,0
BRDA:305,10,0,0
BRDA:305,10,1,0
BRDA:313,11,0,0
BRDA:313,11,1,0
BRDA:313,12,0,0
BRDA:313,12,1,0
BRDA:316,13,0,0
BRDA:316,13,1,0
BRDA:316,14,0,0
BRDA:316,14,1,0
BRDA:322,15,0,0
BRDA:322,15,1,0
BRDA:322,16,0,0
BRDA:322,16,1,0
BRDA:322,16,2,0
BRDA:329,17,0,0
BRDA:329,17,1,0
BRDA:341,18,0,0
BRDA:341,18,1,0
BRDA:343,19,0,0
BRDA:343,19,1,0
BRDA:343,20,0,0
BRDA:343,20,1,0
BRDA:344,21,0,0
BRDA:344,21,1,0
BRDA:349,22,0,0
BRDA:349,22,1,0
BRDA:355,23,0,0
BRDA:355,23,1,0
BRDA:355,24,0,0
BRDA:355,24,1,0
BRDA:375,25,0,0
BRDA:375,25,1,0
BRDA:381,26,0,0
BRDA:381,26,1,0
BRDA:381,27,0,0
BRDA:381,27,1,0
BRDA:388,28,0,0
BRDA:388,28,1,0
BRDA:388,29,0,0
BRDA:388,29,1,0
BRDA:394,30,0,0
BRDA:394,30,1,0
BRDA:394,31,0,0
BRDA:394,31,1,0
BRDA:395,32,0,0
BRDA:395,32,1,0
BRDA:403,33,0,0
BRDA:403,33,1,0
BRDA:409,34,0,0
BRDA:409,34,1,0
BRDA:410,35,0,0
BRDA:410,35,1,0
BRDA:411,36,0,0
BRDA:411,36,1,0
BRDA:412,37,0,0
BRDA:412,37,1,0
BRDA:424,38,0,0
BRDA:424,38,1,0
BRDA:435,39,0,0
BRDA:435,39,1,0
BRDA:444,40,0,0
BRDA:444,40,1,0
BRDA:447,41,0,0
BRDA:447,41,1,0
BRDA:447,41,2,0
BRDA:452,42,0,0
BRDA:452,42,1,0
BRDA:453,43,0,0
BRDA:453,43,1,0
BRDA:458,44,0,0
BRDA:458,44,1,0
BRDA:473,45,0,0
BRDA:473,45,1,0
BRDA:473,46,0,0
BRDA:473,46,1,0
BRDA:473,46,2,0
BRDA:474,47,0,0
BRDA:474,47,1,0
BRDA:480,48,0,0
BRDA:480,48,1,0
BRDA:500,49,0,0
BRDA:500,49,1,0
BRDA:506,50,0,0
BRDA:506,50,1,0
BRDA:514,51,0,0
BRDA:514,51,1,0
BRDA:521,52,0,0
BRDA:521,52,1,0
BRDA:521,53,0,0
BRDA:521,53,1,0
BRDA:527,54,0,0
BRDA:527,54,1,0
BRDA:547,55,0,0
BRDA:547,55,1,0
BRDA:558,56,0,0
BRDA:558,56,1,0
BRDA:558,57,0,0
BRDA:558,57,1,0
BRDA:32,58,0,0
BRDA:32,58,1,0
BRDA:45,59,0,0
BRDA:45,59,1,0
BRDA:49,60,0,0
BRDA:49,60,1,0
BRDA:57,61,0,0
BRDA:57,61,1,0
BRDA:65,62,0,0
BRDA:65,62,1,0
BRDA:113,63,0,0
BRDA:113,63,1,0
BRDA:116,64,0,0
BRDA:116,64,1,0
BRDA:118,65,0,0
BRDA:118,65,1,0
BRDA:120,66,0,0
BRDA:120,66,1,0
BRDA:126,67,0,0
BRDA:126,67,1,0
BRDA:148,68,0,0
BRDA:148,68,1,0
BRDA:149,69,0,0
BRDA:149,69,1,0
BRDA:154,70,0,0
BRDA:154,70,1,0
BRDA:169,71,0,0
BRDA:169,71,1,0
BRDA:204,72,0,0
BRDA:204,72,1,0
BRDA:213,73,0,0
BRDA:213,73,1,0
BRF:155
BRH:0
end_of_record
TN:
SF:src\components\map\MapContainer.vue
FN:87,initializeMap
FN:136,(anonymous_1)
FN:148,(anonymous_2)
FN:165,renderUserMarker
FN:195,renderSearchRadius
FN:221,getCategoryIcon
FN:226,(anonymous_6)
FN:231,getCategoryColor
FN:236,(anonymous_8)
FN:241,groupItemsByLocation
FN:257,(anonymous_10)
FN:263,(anonymous_11)
FN:284,hashCode
FN:295,seededRandom
FN:301,createJitteredMarkers
FN:332,(anonymous_15)
FN:354,renderItemMarkers
FN:358,(anonymous_17)
FN:367,(anonymous_18)
FN:372,(anonymous_19)
FN:377,(anonymous_20)
FN:444,(anonymous_21)
FN:463,(anonymous_22)
FN:476,handleBoundsChanged
FN:481,(anonymous_24)
FN:488,retry
FN:493,(anonymous_26)
FN:493,(anonymous_27)
FN:509,(anonymous_28)
FN:509,(anonymous_29)
FN:517,(anonymous_30)
FN:517,(anonymous_31)
FN:520,(anonymous_32)
FN:526,(anonymous_33)
FN:526,(anonymous_34)
FN:532,(anonymous_35)
FN:532,(anonymous_36)
FN:537,recenterMap
FN:547,handleResize
FN:556,(anonymous_39)
FN:560,(anonymous_40)
FN:568,(anonymous_41)
FN:570,(anonymous_42)
FNF:43
FNH:0
FNDA:0,initializeMap
FNDA:0,(anonymous_1)
FNDA:0,(anonymous_2)
FNDA:0,renderUserMarker
FNDA:0,renderSearchRadius
FNDA:0,getCategoryIcon
FNDA:0,(anonymous_6)
FNDA:0,getCategoryColor
FNDA:0,(anonymous_8)
FNDA:0,groupItemsByLocation
FNDA:0,(anonymous_10)
FNDA:0,(anonymous_11)
FNDA:0,hashCode
FNDA:0,seededRandom
FNDA:0,createJitteredMarkers
FNDA:0,(anonymous_15)
FNDA:0,renderItemMarkers
FNDA:0,(anonymous_17)
FNDA:0,(anonymous_18)
FNDA:0,(anonymous_19)
FNDA:0,(anonymous_20)
FNDA:0,(anonymous_21)
FNDA:0,(anonymous_22)
FNDA:0,handleBoundsChanged
FNDA:0,(anonymous_24)
FNDA:0,retry
FNDA:0,(anonymous_26)
FNDA:0,(anonymous_27)
FNDA:0,(anonymous_28)
FNDA:0,(anonymous_29)
FNDA:0,(anonymous_30)
FNDA:0,(anonymous_31)
FNDA:0,(anonymous_32)
FNDA:0,(anonymous_33)
FNDA:0,(anonymous_34)
FNDA:0,(anonymous_35)
FNDA:0,(anonymous_36)
FNDA:0,recenterMap
FNDA:0,handleResize
FNDA:0,(anonymous_39)
FNDA:0,(anonymous_40)
FNDA:0,(anonymous_41)
FNDA:0,(anonymous_42)
DA:2,0
DA:12,0
DA:19,0
DA:35,0
DA:36,0
DA:43,0
DA:46,0
DA:73,0
DA:76,0
DA:77,0
DA:78,0
DA:79,0
DA:80,0
DA:81,0
DA:82,0
DA:83,0
DA:84,0
DA:88,0
DA:89,0
DA:91,0
DA:93,0
DA:94,0
DA:98,0
DA:101,0
DA:103,0
DA:104,0
DA:108,0
DA:114,0
DA:126,0
DA:132,0
DA:135,0
DA:136,0
DA:137,0
DA:138,0
DA:139,0
DA:143,0
DA:144,0
DA:145,0
DA:148,0
DA:149,0
DA:150,0
DA:154,0
DA:155,0
DA:158,0
DA:159,0
DA:160,0
DA:166,0
DA:169,0
DA:170,0
DA:174,0
DA:184,0
DA:196,0
DA:199,0
DA:200,0
DA:201,0
DA:205,0
DA:206,0
DA:222,0
DA:223,0
DA:226,0
DA:227,0
DA:232,0
DA:233,0
DA:236,0
DA:237,0
DA:242,0
DA:249,0
DA:250,0
DA:251,0
DA:252,0
DA:254,0
DA:257,0
DA:258,0
DA:259,0
DA:263,0
DA:264,0
DA:265,0
DA:266,0
DA:269,0
DA:270,0
DA:272,0
DA:280,0
DA:285,0
DA:286,0
DA:287,0
DA:288,0
DA:289,0
DA:291,0
DA:296,0
DA:297,0
DA:302,0
DA:305,0
DA:306,0
DA:316,0
DA:318,0
DA:320,0
DA:328,0
DA:330,0
DA:332,0
DA:334,0
DA:337,0
DA:338,0
DA:340,0
DA:341,0
DA:343,0
DA:350,0
DA:355,0
DA:358,0
DA:359,0
DA:361,0
DA:364,0
DA:367,0
DA:369,0
DA:372,0
DA:373,0
DA:374,0
DA:377,0
DA:378,0
DA:381,0
DA:383,0
DA:384,0
DA:385,0
DA:387,0
DA:389,0
DA:408,0
DA:424,0
DA:432,0
DA:444,0
DA:446,0
DA:447,0
DA:449,0
DA:451,0
DA:453,0
DA:456,0
DA:460,0
DA:461,0
DA:462,0
DA:463,0
DA:464,0
DA:469,0
DA:475,0
DA:477,0
DA:480,0
DA:481,0
DA:482,0
DA:483,0
DA:489,0
DA:493,0
DA:494,0
DA:497,0
DA:498,0
DA:501,0
DA:509,0
DA:510,0
DA:511,0
DA:516,0
DA:517,0
DA:519,0
DA:520,0
DA:521,0
DA:526,0
DA:527,0
DA:528,0
DA:532,0
DA:533,0
DA:538,0
DA:539,0
DA:548,0
DA:549,0
DA:554,0
DA:556,0
DA:560,0
DA:561,0
DA:562,0
DA:565,0
DA:568,0
DA:570,0
DA:571,0
DA:572,0
DA:575,0
DA:576,0
DA:580,0
DA:583,0
LF:183
LH:0
BRDA:93,0,0,0
BRDA:93,0,1,0
BRDA:103,1,0,0
BRDA:103,1,1,0
BRDA:149,2,0,0
BRDA:149,2,1,0
BRDA:159,3,0,0
BRDA:159,3,1,0
BRDA:166,4,0,0
BRDA:166,4,1,0
BRDA:166,5,0,0
BRDA:166,5,1,0
BRDA:169,6,0,0
BRDA:169,6,1,0
BRDA:196,7,0,0
BRDA:196,7,1,0
BRDA:196,8,0,0
BRDA:196,8,1,0
BRDA:199,9,0,0
BRDA:199,9,1,0
BRDA:205,10,0,0
BRDA:205,10,1,0
BRDA:205,11,0,0
BRDA:205,11,1,0
BRDA:222,12,0,0
BRDA:222,12,1,0
BRDA:227,13,0,0
BRDA:227,13,1,0
BRDA:232,14,0,0
BRDA:232,14,1,0
BRDA:237,15,0,0
BRDA:237,15,1,0
BRDA:249,16,0,0
BRDA:249,16,1,0
BRDA:251,17,0,0
BRDA:251,17,1,0
BRDA:258,18,0,0
BRDA:258,18,1,0
BRDA:258,19,0,0
BRDA:258,19,1,0
BRDA:266,20,0,0
BRDA:266,20,1,0
BRDA:269,21,0,0
BRDA:269,21,1,0
BRDA:305,22,0,0
BRDA:305,22,1,0
BRDA:316,23,0,0
BRDA:316,23,1,0
BRDA:318,24,0,0
BRDA:318,24,1,0
BRDA:330,25,0,0
BRDA:330,25,1,0
BRDA:334,26,0,0
BRDA:334,26,1,0
BRDA:355,27,0,0
BRDA:355,27,1,0
BRDA:378,28,0,0
BRDA:378,28,1,0
BRDA:381,29,0,0
BRDA:381,29,1,0
BRDA:381,30,0,0
BRDA:381,30,1,0
BRDA:387,31,0,0
BRDA:387,31,1,0
BRDA:398,32,0,0
BRDA:398,32,1,0
BRDA:417,33,0,0
BRDA:417,33,1,0
BRDA:436,34,0,0
BRDA:436,34,1,0
BRDA:446,35,0,0
BRDA:446,35,1,0
BRDA:451,36,0,0
BRDA:451,36,1,0
BRDA:461,37,0,0
BRDA:461,37,1,0
BRDA:477,38,0,0
BRDA:477,38,1,0
BRDA:494,39,0,0
BRDA:494,39,1,0
BRDA:494,40,0,0
BRDA:494,40,1,0
BRDA:498,41,0,0
BRDA:498,41,1,0
BRDA:498,42,0,0
BRDA:498,42,1,0
BRDA:498,42,2,0
BRDA:510,43,0,0
BRDA:510,43,1,0
BRDA:538,44,0,0
BRDA:538,44,1,0
BRDA:538,45,0,0
BRDA:538,45,1,0
BRDA:548,46,0,0
BRDA:548,46,1,0
BRDA:571,47,0,0
BRDA:571,47,1,0
BRDA:572,48,0,0
BRDA:572,48,1,0
BRDA:575,49,0,0
BRDA:575,49,1,0
BRDA:580,50,0,0
BRDA:580,50,1,0
BRDA:19,51,0,0
BRDA:19,51,1,0
BRF:105
BRH:0
end_of_record
TN:
SF:src\components\map\SearchResultsList.vue
FN:126,(anonymous_0)
FN:132,(anonymous_1)
FN:166,(anonymous_2)
FN:171,(anonymous_3)
FN:172,(anonymous_4)
FN:198,(anonymous_5)
FN:208,(anonymous_6)
FN:209,(anonymous_7)
FN:219,formatDistance
FN:228,toggleSellerItems
FN:239,isSellerExpanded
FN:243,handleItemClick
FN:249,scrollToSeller
FN:257,(anonymous_13)
FN:279,(anonymous_14)
FN:30,(anonymous_15)
FNF:16
FNH:0
FNDA:0,(anonymous_0)
FNDA:0,(anonymous_1)
FNDA:0,(anonymous_2)
FNDA:0,(anonymous_3)
FNDA:0,(anonymous_4)
FNDA:0,(anonymous_5)
FNDA:0,(anonymous_6)
FNDA:0,(anonymous_7)
FNDA:0,formatDistance
FNDA:0,toggleSellerItems
FNDA:0,isSellerExpanded
FNDA:0,handleItemClick
FNDA:0,scrollToSeller
FNDA:0,(anonymous_13)
FNDA:0,(anonymous_14)
FNDA:0,(anonymous_15)
DA:26,0
DA:30,0
DA:34,0
DA:44,0
DA:101,0
DA:116,0
DA:119,0
DA:122,0
DA:123,0
DA:126,0
DA:127,0
DA:130,0
DA:132,0
DA:134,0
DA:135,0
DA:136,0
DA:139,0
DA:140,0
DA:154,0
DA:155,0
DA:158,0
DA:159,0
DA:160,0
DA:166,0
DA:167,0
DA:170,0
DA:171,0
DA:172,0
DA:174,0
DA:175,0
DA:176,0
DA:181,0
DA:182,0
DA:185,0
DA:186,0
DA:188,0
DA:198,0
DA:199,0
DA:200,0
DA:201,0
DA:204,0
DA:208,0
DA:209,0
DA:211,0
DA:212,0
DA:213,0
DA:220,0
DA:221,0
DA:222,0
DA:224,0
DA:229,0
DA:230,0
DA:232,0
DA:235,0
DA:240,0
DA:245,0
DA:251,0
DA:252,0
DA:253,0
DA:257,0
DA:258,0
DA:259,0
DA:261,0
DA:263,0
DA:264,0
DA:267,0
DA:270,0
DA:276,0
DA:277,0
DA:278,0
DA:279,0
DA:280,0
DA:288,0
LF:73
LH:0
BRDA:127,0,0,0
BRDA:127,0,1,0
BRDA:127,1,0,0
BRDA:127,1,1,0
BRDA:134,2,0,0
BRDA:134,2,1,0
BRDA:135,3,0,0
BRDA:135,3,1,0
BRDA:139,4,0,0
BRDA:139,4,1,0
BRDA:142,5,0,0
BRDA:142,5,1,0
BRDA:143,6,0,0
BRDA:143,6,1,0
BRDA:145,7,0,0
BRDA:145,7,1,0
BRDA:145,7,2,0
BRDA:146,8,0,0
BRDA:146,8,1,0
BRDA:147,9,0,0
BRDA:147,9,1,0
BRDA:149,10,0,0
BRDA:149,10,1,0
BRDA:158,11,0,0
BRDA:158,11,1,0
BRDA:158,12,0,0
BRDA:158,12,1,0
BRDA:159,13,0,0
BRDA:159,13,1,0
BRDA:159,14,0,0
BRDA:159,14,1,0
BRDA:171,15,0,0
BRDA:171,15,1,0
BRDA:174,16,0,0
BRDA:174,16,1,0
BRDA:175,17,0,0
BRDA:175,17,1,0
BRDA:176,18,0,0
BRDA:176,18,1,0
BRDA:181,19,0,0
BRDA:181,19,1,0
BRDA:182,20,0,0
BRDA:182,20,1,0
BRDA:185,21,0,0
BRDA:185,21,1,0
BRDA:199,22,0,0
BRDA:199,22,1,0
BRDA:200,23,0,0
BRDA:200,23,1,0
BRDA:211,24,0,0
BRDA:211,24,1,0
BRDA:220,25,0,0
BRDA:220,25,1,0
BRDA:220,26,0,0
BRDA:220,26,1,0
BRDA:221,27,0,0
BRDA:221,27,1,0
BRDA:229,28,0,0
BRDA:229,28,1,0
BRDA:251,29,0,0
BRDA:251,29,1,0
BRDA:261,30,0,0
BRDA:261,30,1,0
BRDA:261,31,0,0
BRDA:261,31,1,0
BRDA:277,32,0,0
BRDA:277,32,1,0
BRDA:4,33,0,0
BRDA:4,33,1,0
BRDA:9,34,0,0
BRDA:9,34,1,0
BRDA:21,35,0,0
BRDA:21,35,1,0
BRDA:26,36,0,0
BRDA:26,36,1,0
BRDA:26,37,0,0
BRDA:26,37,1,0
BRDA:34,38,0,0
BRDA:34,38,1,0
BRDA:71,39,0,0
BRDA:71,39,1,0
BRDA:75,40,0,0
BRDA:75,40,1,0
BRF:83
BRH:0
end_of_record
TN:
SF:src\components\messages\ChatHeader.vue
FN:57,(anonymous_0)
FNF:1
FNH:0
FNDA:0,(anonymous_0)
DA:2,0
DA:42,0
DA:44,0
DA:55,0
DA:57,0
DA:58,0
DA:59,0
LF:7
LH:0
BRDA:58,0,0,0
BRDA:58,0,1,0
BRDA:15,1,0,0
BRDA:15,1,1,0
BRF:4
BRH:0
end_of_record
TN:
SF:src\components\messages\ChatMessages.vue
FN:235,(anonymous_0)
FN:243,(anonymous_1)
FN:247,(anonymous_2)
FN:251,(anonymous_3)
FN:258,(anonymous_4)
FN:265,(anonymous_5)
FN:293,(anonymous_6)
FN:298,(anonymous_7)
FN:308,(anonymous_8)
FN:326,(anonymous_9)
FN:338,(anonymous_10)
FN:354,(anonymous_11)
FN:388,(anonymous_12)
FN:390,(anonymous_13)
FN:396,(anonymous_14)
FN:402,(anonymous_15)
FNF:16
FNH:0
FNDA:0,(anonymous_0)
FNDA:0,(anonymous_1)
FNDA:0,(anonymous_2)
FNDA:0,(anonymous_3)
FNDA:0,(anonymous_4)
FNDA:0,(anonymous_5)
FNDA:0,(anonymous_6)
FNDA:0,(anonymous_7)
FNDA:0,(anonymous_8)
FNDA:0,(anonymous_9)
FNDA:0,(anonymous_10)
FNDA:0,(anonymous_11)
FNDA:0,(anonymous_12)
FNDA:0,(anonymous_13)
FNDA:0,(anonymous_14)
FNDA:0,(anonymous_15)
DA:11,0
DA:31,0
DA:39,0
DA:90,0
DA:97,0
DA:100,0
DA:108,0
DA:116,0
DA:124,0
DA:127,0
DA:169,0
DA:193,0
DA:195,0
DA:214,0
DA:216,0
DA:219,0
DA:227,0
DA:235,0
DA:236,0
DA:238,0
DA:239,0
DA:243,0
DA:244,0
DA:247,0
DA:248,0
DA:251,0
DA:252,0
DA:258,0
DA:259,0
DA:260,0
DA:265,0
DA:266,0
DA:269,0
DA:270,0
DA:271,0
DA:272,0
DA:274,0
DA:275,0
DA:278,0
DA:279,0
DA:282,0
DA:290,0
DA:293,0
DA:294,0
DA:295,0
DA:298,0
DA:299,0
DA:300,0
DA:302,0
DA:304,0
DA:305,0
DA:307,0
DA:308,0
DA:310,0
DA:313,0
DA:315,0
DA:316,0
DA:318,0
DA:319,0
DA:322,0
DA:326,0
DA:329,0
DA:338,0
DA:339,0
DA:341,0
DA:342,0
DA:346,0
DA:347,0
DA:348,0
DA:349,0
DA:350,0
DA:354,0
DA:355,0
DA:358,0
DA:369,0
DA:370,0
DA:371,0
DA:373,0
DA:378,0
DA:388,0
DA:389,0
DA:390,0
DA:391,0
DA:393,0
DA:396,0
DA:397,0
DA:398,0
DA:402,0
DA:403,0
DA:404,0
LF:90
LH:0
BRDA:238,0,0,0
BRDA:238,0,1,0
BRDA:259,1,0,0
BRDA:259,1,1,0
BRDA:274,2,0,0
BRDA:274,2,1,0
BRDA:278,3,0,0
BRDA:278,3,1,0
BRDA:300,4,0,0
BRDA:300,4,1,0
BRDA:302,5,0,0
BRDA:302,5,1,0
BRDA:302,5,2,0
BRDA:302,5,3,0
BRDA:307,6,0,0
BRDA:307,6,1,0
BRDA:339,7,0,0
BRDA:339,7,1,0
BRDA:346,8,0,0
BRDA:346,8,1,0
BRDA:346,9,0,0
BRDA:346,9,1,0
BRDA:349,10,0,0
BRDA:349,10,1,0
BRDA:355,11,0,0
BRDA:355,11,1,0
BRDA:358,12,0,0
BRDA:358,12,1,0
BRDA:370,13,0,0
BRDA:370,13,1,0
BRDA:373,14,0,0
BRDA:373,14,1,0
BRDA:391,15,0,0
BRDA:391,15,1,0
BRDA:397,16,0,0
BRDA:397,16,1,0
BRDA:403,17,0,0
BRDA:403,17,1,0
BRDA:11,18,0,0
BRDA:11,18,1,0
BRDA:57,19,0,0
BRDA:57,19,1,0
BRDA:63,20,0,0
BRDA:63,20,1,0
BRDA:70,21,0,0
BRDA:70,21,1,0
BRDA:97,22,0,0
BRDA:97,22,1,0
BRDA:97,22,2,0
BRDA:107,23,0,0
BRDA:107,23,1,0
BRDA:108,24,0,0
BRDA:108,24,1,0
BRDA:116,25,0,0
BRDA:116,25,1,0
BRDA:120,26,0,0
BRDA:120,26,1,0
BRDA:145,27,0,0
BRDA:145,27,1,0
BRF:59
BRH:0
end_of_record
TN:
SF:src\components\messages\ChatScrollControls.vue
FNF:0
FNH:0
DA:2,0
DA:11,0
DA:14,0
DA:24,0
DA:33,0
LF:5
LH:0
BRF:0
BRH:0
end_of_record
TN:
SF:src\components\messages\ConversationsSidebar.vue
FN:93,(anonymous_0)
FN:94,(anonymous_1)
FN:97,handleSelect
FNF:3
FNH:0
FNDA:0,(anonymous_0)
FNDA:0,(anonymous_1)
FNDA:0,handleSelect
DA:42,0
DA:67,0
DA:90,0
DA:92,0
DA:93,0
DA:94,0
DA:98,0
LF:7
LH:0
BRDA:56,0,0,0
BRDA:56,0,1,0
BRF:2
BRH:0
end_of_record
TN:
SF:src\components\messages\TransactionModal.vue
FN:146,(anonymous_0)
FN:150,(anonymous_1)
FN:156,(anonymous_2)
FN:174,(anonymous_3)
FN:180,(anonymous_4)
FN:181,(anonymous_5)
FN:186,isItemAvailable
FN:194,getStatusClass
FN:204,getStatusText
FN:214,formatPrice
FN:219,selectItem
FN:229,closeModal
FN:232,(anonymous_12)
FN:238,confirmTransaction
FN:242,(anonymous_14)
FN:255,(anonymous_15)
FN:255,(anonymous_16)
FN:257,(anonymous_17)
FNF:18
FNH:0
FNDA:0,(anonymous_0)
FNDA:0,(anonymous_1)
FNDA:0,(anonymous_2)
FNDA:0,(anonymous_3)
FNDA:0,(anonymous_4)
FNDA:0,(anonymous_5)
FNDA:0,isItemAvailable
FNDA:0,getStatusClass
FNDA:0,getStatusText
FNDA:0,formatPrice
FNDA:0,selectItem
FNDA:0,closeModal
FNDA:0,(anonymous_12)
FNDA:0,confirmTransaction
FNDA:0,(anonymous_14)
FNDA:0,(anonymous_15)
FNDA:0,(anonymous_16)
FNDA:0,(anonymous_17)
DA:31,0
DA:53,0
DA:58,0
DA:71,0
DA:72,0
DA:83,0
DA:100,0
DA:115,0
DA:134,0
DA:136,0
DA:137,0
DA:139,0
DA:146,0
DA:147,0
DA:150,0
DA:152,0
DA:156,0
DA:158,0
DA:159,0
DA:160,0
DA:161,0
DA:164,0
DA:165,0
DA:166,0
DA:169,0
DA:174,0
DA:175,0
DA:176,0
DA:180,0
DA:181,0
DA:183,0
DA:188,0
DA:189,0
DA:191,0
DA:195,0
DA:201,0
DA:205,0
DA:211,0
DA:215,0
DA:216,0
DA:220,0
DA:222,0
DA:223,0
DA:225,0
DA:230,0
DA:232,0
DA:233,0
DA:234,0
DA:239,0
DA:241,0
DA:242,0
DA:245,0
DA:246,0
DA:250,0
DA:255,0
DA:256,0
DA:257,0
DA:258,0
DA:259,0
LF:59
LH:0
BRDA:147,0,0,0
BRDA:147,0,1,0
BRDA:147,1,0,0
BRDA:147,1,1,0
BRDA:152,2,0,0
BRDA:152,2,1,0
BRDA:160,3,0,0
BRDA:160,3,1,0
BRDA:160,4,0,0
BRDA:160,4,1,0
BRDA:161,5,0,0
BRDA:161,5,1,0
BRDA:161,6,0,0
BRDA:161,6,1,0
BRDA:164,7,0,0
BRDA:164,7,1,0
BRDA:165,8,0,0
BRDA:165,8,1,0
BRDA:166,9,0,0
BRDA:166,9,1,0
BRDA:169,10,0,0
BRDA:169,10,1,0
BRDA:169,11,0,0
BRDA:169,11,1,0
BRDA:175,12,0,0
BRDA:175,12,1,0
BRDA:183,13,0,0
BRDA:183,13,1,0
BRDA:188,14,0,0
BRDA:188,14,1,0
BRDA:191,15,0,0
BRDA:191,15,1,0
BRDA:201,16,0,0
BRDA:201,16,1,0
BRDA:211,17,0,0
BRDA:211,17,1,0
BRDA:215,18,0,0
BRDA:215,18,1,0
BRDA:215,19,0,0
BRDA:215,19,1,0
BRDA:220,20,0,0
BRDA:220,20,1,0
BRDA:222,21,0,0
BRDA:222,21,1,0
BRDA:239,22,0,0
BRDA:239,22,1,0
BRDA:245,23,0,0
BRDA:245,23,1,0
BRDA:256,24,0,0
BRDA:256,24,1,0
BRDA:100,25,0,0
BRDA:100,25,1,0
BRF:52
BRH:0
end_of_record
TN:
SF:src\components\messages\UserListingsModal.vue
FN:119,(anonymous_0)
FN:123,(anonymous_1)
FN:127,(anonymous_2)
FN:132,(anonymous_3)
FN:136,(anonymous_4)
FN:163,(anonymous_5)
FN:192,(anonymous_6)
FN:192,(anonymous_7)
FNF:8
FNH:0
FNDA:0,(anonymous_0)
FNDA:0,(anonymous_1)
FNDA:0,(anonymous_2)
FNDA:0,(anonymous_3)
FNDA:0,(anonymous_4)
FNDA:0,(anonymous_5)
FNDA:0,(anonymous_6)
FNDA:0,(anonymous_7)
DA:10,0
DA:30,0
DA:73,0
DA:77,0
DA:92,0
DA:94,0
DA:109,0
DA:111,0
DA:112,0
DA:113,0
DA:114,0
DA:115,0
DA:116,0
DA:117,0
DA:119,0
DA:120,0
DA:123,0
DA:124,0
DA:127,0
DA:128,0
DA:129,0
DA:132,0
DA:133,0
DA:136,0
DA:137,0
DA:139,0
DA:140,0
DA:141,0
DA:142,0
DA:144,0
DA:152,0
DA:153,0
DA:155,0
DA:156,0
DA:157,0
DA:159,0
DA:163,0
DA:164,0
DA:166,0
DA:167,0
DA:168,0
DA:170,0
DA:178,0
DA:179,0
DA:180,0
DA:182,0
DA:185,0
DA:187,0
DA:192,0
DA:193,0
DA:194,0
LF:51
LH:0
BRDA:137,0,0,0
BRDA:137,0,1,0
BRDA:152,1,0,0
BRDA:152,1,1,0
BRDA:153,2,0,0
BRDA:153,2,1,0
BRDA:164,3,0,0
BRDA:164,3,1,0
BRDA:164,4,0,0
BRDA:164,4,1,0
BRDA:178,5,0,0
BRDA:178,5,1,0
BRDA:178,6,0,0
BRDA:178,6,1,0
BRDA:193,7,0,0
BRDA:193,7,1,0
BRDA:70,8,0,0
BRDA:70,8,1,0
BRDA:70,8,2,0
BRDA:73,9,0,0
BRDA:73,9,1,0
BRDA:77,10,0,0
BRDA:77,10,1,0
BRF:23
BRH:0
end_of_record
TN:
SF:src\components\transaction\CancelTransactionModal.vue
FN:74,closeModal
FN:78,confirmCancel
FNF:2
FNH:0
FNDA:0,closeModal
FNDA:0,confirmCancel
DA:35,0
DA:61,0
DA:72,0
DA:75,0
DA:79,0
DA:80,0
LF:6
LH:0
BRF:0
BRH:0
end_of_record
TN:
SF:src\components\transaction\ConfirmTransactionModal.vue
FN:103,closeModal
FN:106,(anonymous_1)
FN:111,confirmTransaction
FN:117,(anonymous_3)
FN:117,(anonymous_4)
FN:119,(anonymous_5)
FNF:6
FNH:0
FNDA:0,closeModal
FNDA:0,(anonymous_1)
FNDA:0,confirmTransaction
[...]
FNH:0
FNDA:0,(anonymous_0)
FNDA:0,(anonymous_1)
FNDA:0,(anonymous_2)
FNDA:0,(anonymous_3)
FNDA:0,(anonymous_4)
FNDA:0,(anonymous_5)
FNDA:0,(anonymous_6)
FNDA:0,(anonymous_7)
FNDA:0,(anonymous_8)
FNDA:0,(anonymous_9)
FNDA:0,(anonymous_10)
FNDA:0,(anonymous_11)
FNDA:0,(anonymous_12)
FNDA:0,(anonymous_13)
FNDA:0,(anonymous_14)
FNDA:0,(anonymous_15)
FNDA:0,(anonymous_16)
FNDA:0,(anonymous_17)
FNDA:0,(anonymous_18)
FNDA:0,(anonymous_19)
FNDA:0,(anonymous_20)
DA:2,0
DA:3,0
DA:8,0
DA:37,0
DA:42,0
DA:45,0
DA:83,0
DA:181,0
DA:182,0
DA:185,0
DA:188,0
DA:190,0
DA:208,0
DA:209,0
DA:212,0
DA:213,0
DA:214,0
DA:216,0
DA:217,0
DA:221,0
DA:222,0
DA:225,0
DA:226,0
DA:229,0
DA:230,0
DA:234,0
DA:239,0
DA:262,0
DA:277,0
DA:280,0
DA:281,0
DA:282,0
DA:286,0
DA:287,0
DA:290,0
DA:291,0
DA:295,0
DA:297,0
DA:298,0
DA:301,0
DA:302,0
DA:303,0
DA:307,0
DA:308,0
DA:309,0
DA:310,0
DA:314,0
DA:315,0
DA:316,0
DA:317,0
DA:321,0
DA:322,0
DA:323,0
DA:324,0
DA:329,0
DA:330,0
DA:331,0
DA:333,0
DA:335,0
DA:336,0
DA:340,0
DA:342,0
DA:343,0
DA:344,0
DA:345,0
DA:347,0
DA:348,0
DA:349,0
DA:352,0
DA:353,0
DA:354,0
DA:355,0
DA:356,0
DA:357,0
DA:358,0
DA:362,0
DA:366,0
DA:367,0
DA:370,0
DA:371,0
DA:372,0
DA:376,0
DA:377,0
LF:83
LH:0
BRDA:200,0,0,0
BRDA:200,0,1,0
BRDA:297,1,0,0
BRDA:297,1,1,0
BRDA:297,2,0,0
BRDA:297,2,1,0
BRDA:308,3,0,0
BRDA:308,3,1,0
BRDA:308,4,0,0
BRDA:308,4,1,0
BRDA:315,5,0,0
BRDA:315,5,1,0
BRDA:322,6,0,0
BRDA:322,6,1,0
BRDA:333,7,0,0
BRDA:333,7,1,0
BRDA:340,8,0,0
BRDA:340,8,1,0
BRDA:345,9,0,0
BRDA:345,9,1,0
BRDA:371,10,0,0
BRDA:371,10,1,0
BRDA:42,11,0,0
BRDA:42,11,1,0
BRDA:83,12,0,0
BRDA:83,12,1,0
BRDA:119,13,0,0
BRDA:119,13,1,0
BRDA:131,14,0,0
BRDA:131,14,1,0
BRDA:139,15,0,0
BRDA:139,15,1,0
BRDA:149,16,0,0
BRDA:149,16,1,0
BRDA:149,17,0,0
BRDA:149,17,1,0
BRDA:149,18,0,0
BRDA:149,18,1,0
BRDA:149,19,0,0
BRDA:149,19,1,0
BRDA:149,20,0,0
BRDA:149,20,1,0
BRDA:149,21,0,0
BRDA:149,21,1,0
BRDA:149,22,0,0
BRDA:149,22,1,0
BRDA:149,23,0,0
BRDA:149,23,1,0
BRF:48
BRH:0
end_of_record
TN:
SF:src\views\MyTransactionsPage.vue
FN:483,(anonymous_0)
FN:520,(anonymous_1)
FN:540,(anonymous_2)
FN:542,(anonymous_3)
FN:545,(anonymous_4)
FN:547,(anonymous_5)
FN:550,(anonymous_6)
FN:552,(anonymous_7)
FN:556,(anonymous_8)
FN:568,(anonymous_9)
FN:569,(anonymous_10)
FN:572,(anonymous_11)
FN:573,(anonymous_12)
FN:577,(anonymous_13)
FN:586,(anonymous_14)
FN:591,(anonymous_15)
FN:598,(anonymous_16)
FN:636,(anonymous_17)
FN:648,(anonymous_18)
FN:659,(anonymous_19)
FN:663,(anonymous_20)
FN:672,(anonymous_21)
FN:683,(anonymous_22)
FN:689,(anonymous_23)
FN:695,(anonymous_24)
FN:701,(anonymous_25)
FN:725,(anonymous_26)
FN:749,(anonymous_27)
FN:773,(anonymous_28)
FN:779,(anonymous_29)
FN:809,(anonymous_30)
FN:814,(anonymous_31)
FN:820,(anonymous_32)
FN:841,(anonymous_33)
FN:856,(anonymous_34)
FN:865,(anonymous_35)
FN:870,(anonymous_36)
FN:880,(anonymous_37)
FN:898,(anonymous_38)
FN:907,(anonymous_39)
FN:917,(anonymous_40)
FN:937,(anonymous_41)
FN:943,(anonymous_42)
FN:958,(anonymous_43)
FN:964,(anonymous_44)
FN:977,(anonymous_45)
FN:990,(anonymous_46)
FN:1001,(anonymous_47)
FN:410,(anonymous_48)
FN:417,(anonymous_49)
FN:424,(anonymous_50)
FN:431,(anonymous_51)
FN:438,(anonymous_52)
FN:445,(anonymous_53)
FNF:54
FNH:0
FNDA:0,(anonymous_0)
FNDA:0,(anonymous_1)
FNDA:0,(anonymous_2)
FNDA:0,(anonymous_3)
FNDA:0,(anonymous_4)
FNDA:0,(anonymous_5)
FNDA:0,(anonymous_6)
FNDA:0,(anonymous_7)
FNDA:0,(anonymous_8)
FNDA:0,(anonymous_9)
FNDA:0,(anonymous_10)
FNDA:0,(anonymous_11)
FNDA:0,(anonymous_12)
FNDA:0,(anonymous_13)
FNDA:0,(anonymous_14)
FNDA:0,(anonymous_15)
FNDA:0,(anonymous_16)
FNDA:0,(anonymous_17)
FNDA:0,(anonymous_18)
FNDA:0,(anonymous_19)
FNDA:0,(anonymous_20)
FNDA:0,(anonymous_21)
FNDA:0,(anonymous_22)
FNDA:0,(anonymous_23)
FNDA:0,(anonymous_24)
FNDA:0,(anonymous_25)
FNDA:0,(anonymous_26)
FNDA:0,(anonymous_27)
FNDA:0,(anonymous_28)
FNDA:0,(anonymous_29)
FNDA:0,(anonymous_30)
FNDA:0,(anonymous_31)
FNDA:0,(anonymous_32)
FNDA:0,(anonymous_33)
FNDA:0,(anonymous_34)
FNDA:0,(anonymous_35)
FNDA:0,(anonymous_36)
FNDA:0,(anonymous_37)
FNDA:0,(anonymous_38)
FNDA:0,(anonymous_39)
FNDA:0,(anonymous_40)
FNDA:0,(anonymous_41)
FNDA:0,(anonymous_42)
FNDA:0,(anonymous_43)
FNDA:0,(anonymous_44)
FNDA:0,(anonymous_45)
FNDA:0,(anonymous_46)
FNDA:0,(anonymous_47)
FNDA:0,(anonymous_48)
FNDA:0,(anonymous_49)
FNDA:0,(anonymous_50)
FNDA:0,(anonymous_51)
FNDA:0,(anonymous_52)
FNDA:0,(anonymous_53)
DA:2,0
DA:3,0
DA:8,0
DA:120,0
DA:124,0
DA:128,0
DA:223,0
DA:227,0
DA:231,0
DA:300,0
DA:304,0
DA:308,0
DA:312,0
DA:410,0
DA:417,0
DA:424,0
DA:431,0
DA:438,0
DA:445,0
DA:473,0
DA:474,0
DA:475,0
DA:476,0
DA:477,0
DA:478,0
DA:480,0
DA:483,0
DA:484,0
DA:485,0
DA:489,0
DA:491,0
DA:496,0
DA:497,0
DA:498,0
DA:499,0
DA:500,0
DA:501,0
DA:502,0
DA:503,0
DA:504,0
DA:505,0
DA:506,0
DA:507,0
DA:508,0
DA:509,0
DA:510,0
DA:511,0
DA:512,0
DA:513,0
DA:514,0
DA:515,0
DA:516,0
DA:517,0
DA:520,0
DA:540,0
DA:541,0
DA:542,0
DA:545,0
DA:546,0
DA:547,0
DA:550,0
DA:551,0
DA:552,0
DA:556,0
DA:557,0
DA:558,0
DA:559,0
DA:560,0
DA:561,0
DA:562,0
DA:564,0
DA:568,0
DA:569,0
DA:572,0
DA:573,0
DA:577,0
DA:579,0
DA:580,0
DA:582,0
DA:586,0
DA:587,0
DA:591,0
DA:592,0
DA:593,0
DA:594,0
DA:598,0
DA:599,0
DA:600,0
DA:601,0
DA:603,0
DA:605,0
DA:606,0
DA:610,0
DA:612,0
DA:614,0
DA:615,0
DA:616,0
DA:617,0
DA:619,0
DA:620,0
DA:623,0
DA:624,0
DA:625,0
DA:626,0
DA:630,0
DA:636,0
DA:637,0
DA:639,0
DA:640,0
DA:641,0
DA:644,0
DA:645,0
DA:648,0
DA:649,0
DA:650,0
DA:651,0
DA:653,0
DA:655,0
DA:659,0
DA:660,0
DA:663,0
DA:664,0
DA:665,0
DA:672,0
DA:673,0
DA:680,0
DA:683,0
DA:685,0
DA:686,0
DA:689,0
DA:691,0
DA:692,0
DA:695,0
DA:697,0
DA:698,0
DA:701,0
DA:702,0
DA:704,0
DA:705,0
DA:706,0
DA:708,0
DA:711,0
DA:712,0
DA:715,0
DA:717,0
DA:718,0
DA:720,0
DA:721,0
DA:725,0
DA:726,0
DA:728,0
DA:729,0
DA:730,0
DA:732,0
DA:735,0
DA:736,0
DA:739,0
DA:741,0
DA:742,0
DA:744,0
DA:745,0
DA:749,0
DA:750,0
DA:752,0
DA:753,0
DA:754,0
DA:756,0
DA:759,0
DA:760,0
DA:763,0
DA:765,0
DA:766,0
DA:768,0
DA:769,0
DA:773,0
DA:775,0
DA:776,0
DA:779,0
DA:780,0
DA:782,0
DA:783,0
DA:784,0
DA:786,0
DA:788,0
DA:793,0
DA:796,0
DA:799,0
DA:801,0
DA:802,0
DA:804,0
DA:805,0
DA:809,0
DA:810,0
DA:811,0
DA:814,0
DA:816,0
DA:817,0
DA:820,0
DA:821,0
DA:823,0
DA:824,0
DA:827,0
DA:833,0
DA:836,0
DA:837,0
DA:840,0
DA:841,0
DA:843,0
DA:844,0
DA:847,0
DA:848,0
DA:850,0
DA:851,0
DA:856,0
DA:857,0
DA:858,0
DA:859,0
DA:862,0
DA:865,0
DA:866,0
DA:867,0
DA:870,0
DA:871,0
DA:872,0
DA:873,0
DA:875,0
DA:880,0
DA:881,0
DA:883,0
DA:884,0
DA:887,0
DA:890,0
DA:893,0
DA:894,0
DA:895,0
DA:898,0
DA:899,0
DA:900,0
DA:901,0
DA:902,0
DA:906,0
DA:907,0
DA:908,0
DA:909,0
DA:910,0
DA:911,0
DA:916,0
DA:917,0
DA:918,0
DA:919,0
DA:920,0
DA:921,0
DA:925,0
DA:927,0
DA:930,0
DA:933,0
DA:937,0
DA:940,0
DA:943,0
DA:945,0
DA:947,0
DA:948,0
DA:949,0
DA:952,0
DA:955,0
DA:958,0
DA:959,0
DA:960,0
DA:961,0
DA:964,0
DA:965,0
DA:973,0
DA:977,0
DA:978,0
DA:981,0
DA:982,0
DA:983,0
DA:985,0
DA:990,0
DA:992,0
DA:993,0
DA:994,0
DA:995,0
DA:996,0
DA:1001,0
DA:1003,0
DA:1004,0
DA:1005,0
LF:288
LH:0
BRDA:541,0,0,0
BRDA:541,0,1,0
BRDA:546,1,0,0
BRDA:546,1,1,0
BRDA:551,2,0,0
BRDA:551,2,1,0
BRDA:557,3,0,0
BRDA:557,3,1,0
BRDA:559,4,0,0
BRDA:559,4,1,0
BRDA:561,5,0,0
BRDA:561,5,1,0
BRDA:579,6,0,0
BRDA:579,6,1,0
BRDA:579,7,0,0
BRDA:579,7,1,0
BRDA:580,8,0,0
BRDA:580,8,1,0
BRDA:603,9,0,0
BRDA:603,9,1,0
BRDA:612,10,0,0
BRDA:612,10,1,0
BRDA:617,11,0,0
BRDA:617,11,1,0
BRDA:639,12,0,0
BRDA:639,12,1,0
BRDA:648,13,0,0
BRDA:680,14,0,0
BRDA:680,14,1,0
BRDA:702,15,0,0
BRDA:702,15,1,0
BRDA:726,16,0,0
BRDA:726,16,1,0
BRDA:750,17,0,0
BRDA:750,17,1,0
BRDA:754,18,0,0
BRDA:754,18,1,0
BRDA:780,19,0,0
BRDA:780,19,1,0
BRDA:788,20,0,0
BRDA:788,20,1,0
BRDA:788,20,2,0
BRDA:788,20,3,0
BRDA:821,21,0,0
BRDA:821,21,1,0
BRDA:843,22,0,0
BRDA:843,22,1,0
BRDA:857,23,0,0
BRDA:857,23,1,0
BRDA:857,24,0,0
BRDA:857,24,1,0
BRDA:872,25,0,0
BRDA:872,25,1,0
BRDA:872,26,0,0
BRDA:872,26,1,0
BRDA:881,27,0,0
BRDA:881,27,1,0
BRDA:884,28,0,0
BRDA:884,28,1,0
BRDA:899,29,0,0
BRDA:899,29,1,0
BRDA:906,30,0,0
BRDA:906,30,1,0
BRDA:908,31,0,0
BRDA:908,31,1,0
BRDA:916,32,0,0
BRDA:916,32,1,0
BRDA:918,33,0,0
BRDA:918,33,1,0
BRDA:925,34,0,0
BRDA:925,34,1,0
BRDA:945,35,0,0
BRDA:945,35,1,0
BRDA:960,36,0,0
BRDA:960,36,1,0
BRDA:982,37,0,0
BRDA:982,37,1,0
BRDA:992,38,0,0
BRDA:992,38,1,0
BRDA:1003,39,0,0
BRDA:1003,39,1,0
BRDA:66,40,0,0
BRDA:66,40,1,0
BRDA:66,41,0,0
BRDA:66,41,1,0
BRDA:66,42,0,0
BRDA:66,42,1,0
BRDA:66,43,0,0
BRDA:66,43,1,0
BRDA:66,44,0,0
BRDA:66,44,1,0
BRDA:66,45,0,0
BRDA:66,45,1,0
BRDA:94,46,0,0
BRDA:94,46,1,0
BRDA:95,47,0,0
BRDA:95,47,1,0
BRDA:105,48,0,0
BRDA:105,48,1,0
BRDA:112,49,0,0
BRDA:112,49,1,0
BRDA:187,50,0,0
BRDA:187,50,1,0
BRDA:188,51,0,0
BRDA:188,51,1,0
BRDA:198,52,0,0
BRDA:198,52,1,0
BRDA:205,53,0,0
BRDA:205,53,1,0
BRDA:211,54,0,0
BRDA:211,54,1,0
BRDA:274,55,0,0
BRDA:274,55,1,0
BRDA:275,56,0,0
BRDA:275,56,1,0
BRDA:285,57,0,0
BRDA:285,57,1,0
BRDA:292,58,0,0
BRDA:292,58,1,0
BRDA:348,59,0,0
BRDA:348,59,1,0
BRDA:355,60,0,0
BRDA:355,60,1,0
BRDA:374,61,0,0
BRDA:374,61,1,0
BRDA:381,62,0,0
BRDA:381,62,1,0
BRF:127
BRH:0
end_of_record
TN:
SF:src\views\PublicUserProfilePage.vue
FN:357,(anonymous_0)
FN:362,(anonymous_1)
FN:374,(anonymous_2)
FN:380,(anonymous_3)
FN:385,(anonymous_4)
FN:410,(anonymous_5)
FN:411,(anonymous_6)
FN:414,(anonymous_7)
FN:419,(anonymous_8)
FN:453,(anonymous_9)
FN:457,(anonymous_10)
FN:462,(anonymous_11)
FN:468,(anonymous_12)
FN:517,(anonymous_13)
FN:550,(anonymous_14)
FN:570,(anonymous_15)
FN:601,(anonymous_16)
FN:183,(anonymous_17)
FN:303,(anonymous_18)
FNF:19
FNH:0
FNDA:0,(anonymous_0)
FNDA:0,(anonymous_1)
FNDA:0,(anonymous_2)
FNDA:0,(anonymous_3)
FNDA:0,(anonymous_4)
FNDA:0,(anonymous_5)
FNDA:0,(anonymous_6)
FNDA:0,(anonymous_7)
FNDA:0,(anonymous_8)
FNDA:0,(anonymous_9)
FNDA:0,(anonymous_10)
FNDA:0,(anonymous_11)
FNDA:0,(anonymous_12)
FNDA:0,(anonymous_13)
FNDA:0,(anonymous_14)
FNDA:0,(anonymous_15)
FNDA:0,(anonymous_16)
FNDA:0,(anonymous_17)
FNDA:0,(anonymous_18)
DA:2,0
DA:3,0
DA:158,0
DA:165,0
DA:183,0
DA:194,0
DA:223,0
DA:228,0
DA:231,0
DA:268,0
DA:303,0
DA:325,0
DA:326,0
DA:329,0
DA:330,0
DA:331,0
DA:332,0
DA:333,0
DA:334,0
DA:335,0
DA:336,0
DA:337,0
DA:340,0
DA:357,0
DA:362,0
DA:368,0
DA:371,0
DA:374,0
DA:376,0
DA:377,0
DA:379,0
DA:380,0
DA:381,0
DA:385,0
DA:386,0
DA:387,0
DA:388,0
DA:389,0
DA:391,0
DA:392,0
DA:393,0
DA:394,0
DA:395,0
DA:397,0
DA:398,0
DA:399,0
DA:400,0
DA:401,0
DA:402,0
DA:404,0
DA:405,0
DA:410,0
DA:411,0
DA:414,0
DA:415,0
DA:416,0
DA:419,0
DA:421,0
DA:423,0
DA:424,0
DA:426,0
DA:428,0
DA:429,0
DA:431,0
DA:432,0
DA:434,0
DA:437,0
DA:438,0
DA:440,0
DA:441,0
DA:444,0
DA:446,0
DA:448,0
DA:449,0
DA:453,0
DA:454,0
DA:457,0
DA:459,0
DA:462,0
DA:463,0
DA:464,0
DA:468,0
DA:469,0
DA:470,0
DA:471,0
DA:474,0
DA:475,0
DA:476,0
DA:478,0
DA:480,0
DA:482,0
DA:483,0
DA:488,0
DA:505,0
DA:507,0
DA:510,0
DA:512,0
DA:517,0
DA:518,0
DA:519,0
DA:520,0
DA:523,0
DA:524,0
DA:525,0
DA:527,0
DA:535,0
DA:536,0
DA:538,0
DA:539,0
DA:542,0
DA:543,0
DA:545,0
DA:550,0
DA:551,0
DA:552,0
DA:553,0
DA:556,0
DA:557,0
DA:558,0
DA:560,0
DA:568,0
DA:570,0
DA:590,0
DA:593,0
DA:594,0
DA:596,0
DA:601,0
DA:602,0
DA:603,0
DA:605,0
LF:130
LH:0
BRDA:341,0,0,0
BRDA:341,0,1,0
BRDA:376,1,0,0
BRDA:376,1,1,0
BRDA:379,2,0,0
BRDA:379,2,1,0
BRDA:391,3,0,0
BRDA:391,3,1,0
BRDA:393,4,0,0
BRDA:393,4,1,0
BRDA:395,5,0,0
BRDA:395,5,1,0
BRDA:398,6,0,0
BRDA:398,6,1,0
BRDA:400,7,0,0
BRDA:400,7,1,0
BRDA:415,8,0,0
BRDA:415,8,1,0
BRDA:421,9,0,0
BRDA:421,9,1,0
BRDA:426,10,0,0
BRDA:426,10,1,0
BRDA:431,11,0,0
BRDA:431,11,1,0
BRDA:438,12,0,0
BRDA:438,12,1,0
BRDA:446,13,0,0
BRDA:446,13,1,0
BRDA:469,14,0,0
BRDA:469,14,1,0
BRDA:480,15,0,0
BRDA:480,15,1,0
BRDA:490,16,0,0
BRDA:490,16,1,0
BRDA:491,17,0,0
BRDA:491,17,1,0
BRDA:492,18,0,0
BRDA:492,18,1,0
BRDA:494,19,0,0
BRDA:494,19,1,0
BRDA:495,20,0,0
BRDA:495,20,1,0
BRDA:496,21,0,0
BRDA:496,21,1,0
BRDA:498,22,0,0
BRDA:498,22,1,0
BRDA:499,23,0,0
BRDA:499,23,1,0
BRDA:518,24,0,0
BRDA:518,24,1,0
BRDA:535,25,0,0
BRDA:535,25,1,0
BRDA:551,26,0,0
BRDA:551,26,1,0
BRDA:568,27,0,0
BRDA:568,27,1,0
BRDA:575,28,0,0
BRDA:575,28,1,0
BRDA:576,29,0,0
BRDA:576,29,1,0
BRDA:580,30,0,0
BRDA:580,30,1,0
BRDA:583,31,0,0
BRDA:583,31,1,0
BRDA:585,32,0,0
BRDA:585,32,1,0
BRDA:586,33,0,0
BRDA:586,33,1,0
BRDA:603,34,0,0
BRDA:603,34,1,0
BRDA:77,35,0,0
BRDA:77,35,1,0
BRDA:89,36,0,0
BRDA:89,36,1,0
BRDA:97,37,0,0
BRDA:97,37,1,0
BRDA:165,38,0,0
BRDA:165,38,1,0
BRDA:194,39,0,0
BRDA:194,39,1,0
BRDA:228,40,0,0
BRDA:228,40,1,0
BRDA:268,41,0,0
BRDA:268,41,1,0
BRF:84
BRH:0
end_of_record
TN:
SF:src\views\TermsPage.vue
FNF:0
FNH:0
DA:2,0
LF:1
LH:0
BRF:0
BRH:0
end_of_record
TN:
SF:src\views\UserDashboardPage.vue
FN:85,(anonymous_0)
FN:89,loadDashboardData
FN:104,handleSignIn
FN:119,(anonymous_3)
FN:139,handleTransactionFilter
FN:147,handleLoadMore
FNF:6
FNH:0
FNDA:0,(anonymous_0)
FNDA:0,loadDashboardData
FNDA:0,handleSignIn
FNDA:0,(anonymous_3)
FNDA:0,handleTransactionFilter
FNDA:0,handleLoadMore
DA:2,0
DA:7,0
DA:81,0
DA:83,0
DA:85,0
DA:86,0
DA:90,0
DA:91,0
DA:92,0
DA:98,0
DA:100,0
DA:105,0
DA:106,0
DA:108,0
DA:109,0
DA:110,0
DA:111,0
DA:113,0
DA:114,0
DA:117,0
DA:118,0
DA:119,0
DA:120,0
DA:124,0
DA:125,0
DA:128,0
DA:129,0
DA:131,0
DA:134,0
DA:135,0
DA:140,0
DA:141,0
DA:143,0
DA:148,0
DA:149,0
DA:151,0
LF:36
LH:0
BRDA:108,0,0,0
BRDA:108,0,1,0
BRDA:113,1,0,0
BRDA:113,1,1,0
BRDA:117,2,0,0
BRDA:117,2,1,0
BRDA:124,3,0,0
BRDA:124,3,1,0
BRDA:131,4,0,0
BRDA:131,4,1,0
BRDA:135,5,0,0
BRDA:135,5,1,0
BRF:12
BRH:0
end_of_record
TN:
SF:src\views\UserProfilePage.vue
FN:529,(anonymous_0)
FN:559,(anonymous_1)
FN:566,(anonymous_2)
FN:568,(anonymous_3)
FN:574,(anonymous_4)
FN:578,(anonymous_5)
FN:585,(anonymous_6)
FN:597,(anonymous_7)
FN:603,(anonymous_8)
FN:609,(anonymous_9)
FN:610,(anonymous_10)
FN:610,(anonymous_11)
FN:613,(anonymous_12)
FN:614,(anonymous_13)
FN:614,(anonymous_14)
FN:618,(anonymous_15)
FN:622,(anonymous_16)
FN:627,(anonymous_17)
FN:631,(anonymous_18)
FN:636,(anonymous_19)
FN:640,(anonymous_20)
FN:646,(anonymous_21)
FN:666,(anonymous_22)
FN:688,(anonymous_23)
FN:721,(anonymous_24)
FN:721,(anonymous_25)
FN:735,(anonymous_26)
FN:737,(anonymous_27)
FN:742,(anonymous_28)
FN:744,(anonymous_29)
FN:754,(anonymous_30)
FN:768,(anonymous_31)
FN:781,(anonymous_32)
FN:783,(anonymous_33)
FN:788,(anonymous_34)
FN:790,(anonymous_35)
FN:804,(anonymous_36)
FN:814,(anonymous_37)
FN:821,(anonymous_38)
FN:825,(anonymous_39)
FN:829,(anonymous_40)
FN:833,(anonymous_41)
FN:837,(anonymous_42)
FN:841,(anonymous_43)
FN:845,(anonymous_44)
FN:849,(anonymous_45)
FN:854,(anonymous_46)
FN:858,(anonymous_47)
FN:863,(anonymous_48)
FN:864,(anonymous_49)
FN:867,(anonymous_50)
FN:873,(anonymous_51)
FN:877,(anonymous_52)
FN:882,(anonymous_53)
FN:890,(anonymous_54)
FN:898,(anonymous_55)
FN:907,(anonymous_56)
FN:915,(anonymous_57)
FN:924,(anonymous_58)
FN:184,(anonymous_59)
FN:213,(anonymous_60)
FN:241,(anonymous_61)
FN:270,(anonymous_62)
FN:303,(anonymous_63)
FNF:64
FNH:0
FNDA:0,(anonymous_0)
FNDA:0,(anonymous_1)
FNDA:0,(anonymous_2)
FNDA:0,(anonymous_3)
FNDA:0,(anonymous_4)
FNDA:0,(anonymous_5)
FNDA:0,(anonymous_6)
FNDA:0,(anonymous_7)
FNDA:0,(anonymous_8)
FNDA:0,(anonymous_9)
FNDA:0,(anonymous_10)
FNDA:0,(anonymous_11)
FNDA:0,(anonymous_12)
FNDA:0,(anonymous_13)
FNDA:0,(anonymous_14)
FNDA:0,(anonymous_15)
FNDA:0,(anonymous_16)
FNDA:0,(anonymous_17)
FNDA:0,(anonymous_18)
FNDA:0,(anonymous_19)
FNDA:0,(anonymous_20)
FNDA:0,(anonymous_21)
FNDA:0,(anonymous_22)
FNDA:0,(anonymous_23)
FNDA:0,(anonymous_24)
FNDA:0,(anonymous_25)
FNDA:0,(anonymous_26)
FNDA:0,(anonymous_27)
FNDA:0,(anonymous_28)
FNDA:0,(anonymous_29)
FNDA:0,(anonymous_30)
FNDA:0,(anonymous_31)
FNDA:0,(anonymous_32)
FNDA:0,(anonymous_33)
FNDA:0,(anonymous_34)
FNDA:0,(anonymous_35)
FNDA:0,(anonymous_36)
FNDA:0,(anonymous_37)
FNDA:0,(anonymous_38)
FNDA:0,(anonymous_39)
FNDA:0,(anonymous_40)
FNDA:0,(anonymous_41)
FNDA:0,(anonymous_42)
FNDA:0,(anonymous_43)
FNDA:0,(anonymous_44)
FNDA:0,(anonymous_45)
FNDA:0,(anonymous_46)
FNDA:0,(anonymous_47)
FNDA:0,(anonymous_48)
FNDA:0,(anonymous_49)
FNDA:0,(anonymous_50)
FNDA:0,(anonymous_51)
FNDA:0,(anonymous_52)
FNDA:0,(anonymous_53)
FNDA:0,(anonymous_54)
FNDA:0,(anonymous_55)
FNDA:0,(anonymous_56)
FNDA:0,(anonymous_57)
FNDA:0,(anonymous_58)
FNDA:0,(anonymous_59)
FNDA:0,(anonymous_60)
FNDA:0,(anonymous_61)
FNDA:0,(anonymous_62)
FNDA:0,(anonymous_63)
DA:2,0
DA:3,0
DA:7,0
DA:52,0
DA:127,0
DA:135,0
DA:174,0
DA:184,0
DA:202,0
DA:213,0
DA:220,0
DA:231,0
DA:241,0
DA:259,0
DA:270,0
DA:277,0
DA:297,0
DA:303,0
DA:317,0
DA:346,0
DA:351,0
DA:354,0
DA:392,0
DA:446,0
DA:461,0
DA:464,0
DA:467,0
DA:490,0
DA:493,0
DA:523,0
DA:524,0
DA:525,0
DA:526,0
DA:529,0
DA:530,0
DA:532,0
DA:533,0
DA:535,0
DA:537,0
DA:538,0
DA:539,0
DA:540,0
DA:541,0
DA:542,0
DA:545,0
DA:546,0
DA:549,0
DA:550,0
DA:553,0
DA:554,0
DA:557,0
DA:559,0
DA:566,0
DA:568,0
DA:569,0
DA:574,0
DA:575,0
DA:578,0
DA:579,0
DA:580,0
DA:582,0
DA:585,0
DA:586,0
DA:587,0
DA:589,0
DA:590,0
DA:592,0
DA:597,0
DA:603,0
DA:604,0
DA:605,0
DA:609,0
DA:610,0
DA:613,0
DA:614,0
DA:618,0
DA:619,0
DA:622,0
DA:623,0
DA:627,0
DA:628,0
DA:631,0
DA:632,0
DA:633,0
DA:636,0
DA:637,0
DA:640,0
DA:641,0
DA:642,0
DA:646,0
DA:647,0
DA:648,0
DA:649,0
DA:652,0
DA:654,0
DA:655,0
DA:656,0
DA:658,0
DA:661,0
DA:666,0
DA:667,0
DA:668,0
DA:669,0
DA:672,0
DA:673,0
DA:675,0
DA:677,0
DA:684,0
DA:686,0
DA:688,0
DA:707,0
DA:708,0
DA:711,0
DA:713,0
DA:718,0
DA:721,0
DA:722,0
DA:723,0
DA:724,0
DA:726,0
DA:736,0
DA:738,0
DA:743,0
DA:745,0
DA:748,0
DA:749,0
DA:754,0
DA:755,0
DA:756,0
DA:759,0
DA:760,0
DA:762,0
DA:763,0
DA:768,0
DA:769,0
DA:770,0
DA:772,0
DA:782,0
DA:784,0
DA:789,0
DA:791,0
DA:796,0
DA:797,0
DA:801,0
DA:804,0
DA:805,0
DA:806,0
DA:810,0
DA:814,0
DA:815,0
DA:816,0
DA:817,0
DA:821,0
DA:822,0
DA:825,0
DA:826,0
DA:829,0
DA:830,0
DA:833,0
DA:834,0
DA:837,0
DA:838,0
DA:841,0
DA:842,0
DA:845,0
DA:846,0
DA:849,0
DA:850,0
DA:851,0
DA:854,0
DA:855,0
DA:858,0
DA:859,0
DA:863,0
DA:864,0
DA:867,0
DA:868,0
DA:869,0
DA:873,0
DA:874,0
DA:877,0
DA:878,0
DA:882,0
DA:883,0
DA:884,0
DA:885,0
DA:886,0
DA:890,0
DA:891,0
DA:892,0
DA:893,0
DA:894,0
DA:898,0
DA:899,0
DA:900,0
DA:901,0
DA:902,0
DA:903,0
DA:907,0
DA:908,0
DA:909,0
DA:910,0
DA:911,0
DA:915,0
DA:916,0
DA:917,0
DA:918,0
DA:919,0
DA:920,0
DA:924,0
DA:925,0
DA:926,0
DA:927,0
DA:928,0
DA:929,0
DA:931,0
DA:932,0
DA:933,0
DA:935,0
DA:936,0
LF:220
LH:0
BRDA:530,0,0,0
BRDA:530,0,1,0
BRDA:532,1,0,0
BRDA:532,1,1,0
BRDA:569,2,0,0
BRDA:569,2,1,0
BRDA:575,3,0,0
BRDA:575,3,1,0
BRDA:579,4,0,0
BRDA:579,4,1,0
BRDA:582,5,0,0
BRDA:582,5,1,0
BRDA:586,6,0,0
BRDA:586,6,1,0
BRDA:589,7,0,0
BRDA:589,7,1,0
BRDA:647,8,0,0
BRDA:647,8,1,0
BRDA:654,9,0,0
BRDA:654,9,1,0
BRDA:667,10,0,0
BRDA:667,10,1,0
BRDA:675,11,0,0
BRDA:675,11,1,0
BRDA:686,12,0,0
BRDA:686,12,1,0
BRDA:696,13,0,0
BRDA:696,13,1,0
BRDA:701,14,0,0
BRDA:701,14,1,0
BRDA:702,15,0,0
BRDA:702,15,1,0
BRDA:703,16,0,0
BRDA:703,16,1,0
BRDA:723,17,0,0
BRDA:723,17,1,0
BRDA:723,18,0,0
BRDA:723,18,1,0
BRDA:729,19,0,0
BRDA:729,19,1,0
BRDA:748,20,0,0
BRDA:748,20,1,0
BRDA:759,21,0,0
BRDA:759,21,1,0
BRDA:762,22,0,0
BRDA:762,22,1,0
BRDA:769,23,0,0
BRDA:769,23,1,0
BRDA:769,24,0,0
BRDA:769,24,1,0
BRDA:775,25,0,0
BRDA:775,25,1,0
BRDA:796,26,0,0
BRDA:796,26,1,0
BRDA:805,27,0,0
BRDA:805,27,1,0
BRDA:816,28,0,0
BRDA:816,28,1,0
BRDA:849,29,0,0
BRDA:850,30,0,0
BRDA:850,30,1,0
BRDA:868,31,0,0
BRDA:868,31,1,0
BRDA:884,32,0,0
BRDA:884,32,1,0
BRDA:885,33,0,0
BRDA:885,33,1,0
BRDA:892,34,0,0
BRDA:892,34,1,0
BRDA:901,35,0,0
BRDA:901,35,1,0
BRDA:909,36,0,0
BRDA:909,36,1,0
BRDA:918,37,0,0
BRDA:918,37,1,0
BRDA:925,38,0,0
BRDA:925,38,1,0
BRDA:927,39,0,0
BRDA:927,39,1,0
BRDA:929,40,0,0
BRDA:929,40,1,0
BRDA:933,41,0,0
BRDA:933,41,1,0
BRDA:67,42,0,0
BRDA:67,42,1,0
BRDA:72,43,0,0
BRDA:72,43,1,0
BRDA:135,44,0,0
BRDA:135,44,1,0
BRDA:202,45,0,0
BRDA:202,45,1,0
BRDA:220,46,0,0
BRDA:220,46,1,0
BRDA:259,47,0,0
BRDA:259,47,1,0
BRDA:277,48,0,0
BRDA:277,48,1,0
BRDA:297,49,0,0
BRDA:297,49,1,0
BRDA:317,50,0,0
BRDA:317,50,1,0
BRDA:351,51,0,0
BRDA:351,51,1,0
BRDA:392,52,0,0
BRDA:392,52,1,0
BRDA:453,53,0,0
BRDA:453,53,1,0
BRDA:460,54,0,0
BRDA:460,54,1,0
BRDA:489,55,0,0
BRDA:489,55,1,0
BRDA:490,56,0,0
BRDA:490,56,1,0
BRF:113
BRH:0
end_of_record
